[[1;34mINFO[m] Scanning for projects...
[[1;34mINFO[m] 
[[1;34mINFO[m] [1m------------------------< [0;36mcz.cuni.mff:desitka[0;1m >-------------------------[m
[[1;34mINFO[m] [1mBuilding desitka 1.0[m
[[1;34mINFO[m] [1m--------------------------------[ jar ]---------------------------------[m
[[1;34mINFO[m] 
[[1;34mINFO[m] [1m--- [0;32mexec-maven-plugin:3.2.0:java[m [1m(default-cli)[m @ [36mdesitka[0;1m ---[m
Loading categories...
All categories loaded

Loading values...
Values loaded for Stavby_podle_materiálu
Values loaded for Oblasti_podle_zemí
Values loaded for Cihlové_stavby_podle_zemí
Values loaded for Ženy_podle_kontinentů
Values loaded for Zpěváci_podle_národnosti
Values loaded for Aktivistky_podle_zemí
Values loaded for Slovenská_kultura_podle_měst
Values loaded for Pákistánští_sportovci_podle_sportů
Values loaded for Kameramani_podle_zemí
Values loaded for Historikové_podle_národnosti
Values loaded for Kuchařky_podle_zemí
Values loaded for Encyklopedie_podle_zemí
Values loaded for Fauna_podle_kontinentů
Values loaded for Slovenská_kultura_podle_krajů
Values loaded for Ocelové_stavby_podle_zemí
Values loaded for Ocelové_mosty_podle_zemí
Values loaded for Cestovatelé_podle_národnosti
Values loaded for Přírodní_rezervace_podle_zemí
Values loaded for Zahrady_podle_měst
Values loaded for Herci_podle_národnosti
Values loaded for Chorvatští_sportovci_podle_sportů
Values loaded for Indičtí_sportovci_podle_sportů
Values loaded for Ázerbájdžánští_sportovci_podle_sportů
Values loaded for Brazilští_sportovci_podle_sportů
Values loaded for Bulharští_sportovci_podle_sportů
Values loaded for Umělkyně_podle_zemí
Values loaded for Německá_kultura_podle_měst
Values loaded for Zločinci_podle_zemí
Values loaded for Dvojčata_podle_národnosti
Values loaded for Brutalismus_podle_zemí
Values loaded for Paláce_podle_měst
Values loaded for Lékařky_podle_zemí
Values loaded for Ocelové_rozhledny_podle_zemí
Values loaded for Postižení_sportovci_podle_zemí
Values loaded for Umělci_podle_období
Values loaded for Vrazi_podle_zemí
Values loaded for Muslimové_podle_zemí
Values loaded for Dřevěné_stavby_podle_zemí
Values loaded for Dřevěné_rozhledny_podle_zemí
Values loaded for Betonové_stavby_podle_zemí
Values loaded for Masoví_vrazi_podle_zemí
Values loaded for Rodiny_podle_národnosti
Values loaded for Buddhisté_podle_zemí
Values loaded for Sochaři_podle_období
Values loaded for Ptáci_podle_oblasti
Values loaded for Váleční_zločinci_podle_zemí
Values loaded for Belgičtí_sportovci_podle_sportů
Values loaded for Alba_podle_jazyka
Values loaded for Bulharské_sportovkyně_podle_sportů
Values loaded for Litevští_sportovci_podle_sportů
Values loaded for Betonové_rozhledny_podle_zemí
Values loaded for Betonové_mosty_podle_zemí
Values loaded for Kamenné_stavby_podle_zemí
Values loaded for Starostové_podle_zemí
Values loaded for Kamenné_mosty_podle_zemí
Values loaded for Malíři_podle_období
Values loaded for Lidé_podle_zemí
Values loaded for Švýcarská_kultura_podle_kantonů
Values loaded for Literatura_podle_jazyka
Values loaded for Mosty_podle_materiálu
Values loaded for Fotbalistky_podle_zemí
Values loaded for Marxisté_podle_národnosti
Values loaded for Italští_sportovci_podle_sportů
Values loaded for Ekonomika_podle_měst
Values loaded for Polská_kultura_podle_měst
Values loaded for Finští_sportovci_podle_sportů
Values loaded for Lyžařky_podle_zemí
Values loaded for Technika_podle_oboru
Values loaded for Švýcarští_sportovci_podle_sportů
Values loaded for Křesťané_podle_zemí
Values loaded for Flóra_podle_kontinentů
Values loaded for Biatlonistky_podle_zemí
Values loaded for Komunisté_podle_národnosti
Values loaded for Život_podle_geologického_období
Values loaded for Basketbalistky_podle_zemí
Values loaded for Ostrovy_podle_měst
Values loaded for Zaniklé_monarchie_podle_kontinentů
Values loaded for Elektroničtí_hudebníci_podle_národnosti
Values loaded for Producenti_podle_zemí
Values loaded for Šlechtické_rody_podle_národnosti
Values loaded for Rychlobruslařky_podle_zemí
Values loaded for Literatura_podle_národností
Values loaded for Německá_politika_podle_spolkových_zemí
Values loaded for Svatí_podle_zemí
Values loaded for Ledovce_podle_kontinentů
Values loaded for Sportovní_lezkyně_podle_zemí
Values loaded for Kosmonauti_podle_zemí
Values loaded for Finské_sportovkyně_podle_sportů
Values loaded for Řeholníci_podle_zemí
Values loaded for Bezpečnost_podle_oboru
Values loaded for Národy_podle_kontinentů
Values loaded for Panovníci_podle_zemí
Values loaded for Německá_kultura_podle_spolkových_zemí
Values loaded for Italské_sportovkyně_podle_sportů
Values loaded for Řeholnice_podle_zemí
Values loaded for Časopisy_podle_jazyka
Values loaded for Závislá_území_podle_kontinentů
Values loaded for Jezuité_podle_zemí
Values loaded for Vévodové_podle_zemí
Values loaded for Krasobruslení_podle_zemí
Values loaded for Knihovníci_podle_zemí
Values loaded for Dinosauři_podle_kontinentů
Values loaded for Hudba_podle_národů
Values loaded for Publicisté_podle_zemí
Values loaded for Měny_podle_kontinentů
Values loaded for Opati_podle_zemí
Values loaded for Průlivy_podle_kontinentů
Values loaded for Tenoristé_podle_zemí
Values loaded for Umělci_podle_zemí
Values loaded for Města_podle_kontinentů
Values loaded for Vegetariáni_podle_zemí
Values loaded for Jazyky_podle_kontinentů
Values loaded for Fotbal_podle_měst
Values loaded for Pedagogové_podle_zemí
Values loaded for Italská_kultura_podle_měst
Values loaded for Taekwondo_podle_zemí
Values loaded for Olympijští_medailisté_podle_zemí
Values loaded for Stavby_podle_měst
Values loaded for Webové_seriály_podle_let
Values loaded for Miliardáři_podle_zemí
Values loaded for Tenistky_podle_zemí
Values loaded for Lední_hokej_podle_měst
Values loaded for Anarchisté_podle_zemí
Values loaded for Judistky_podle_zemí
Values loaded for Sloupy_podle_zemí
Values loaded for Inženýři_podle_zemí
Values loaded for Filozofie_podle_regionů
Values loaded for Sportovní_organizace_podle_měst
Values loaded for Češi_podle_etnického_původu
Values loaded for Sochařky_podle_země
Values loaded for Uhelné_doly_podle_zemí
Values loaded for Umění_podle_období
Values loaded for Lékaři_podle_zemí
Values loaded for Mlýny_podle_zemí
Values loaded for Oftalmologové_podle_zemí
Values loaded for Zápas_podle_zemí
Values loaded for Orientační_běžkyně_podle_zemí
Values loaded for Moderní_gymnastky_podle_zemí
Values loaded for Větrné_mlýny_podle_zemí
Values loaded for Písně_podle_jazyka
Values loaded for Norové_podle_etnického_původu
Values loaded for Plavání_podle_zemí
Values loaded for Lomy_podle_zemí
Values loaded for Krasobruslařky_podle_zemí
Values loaded for Zpěváci_podle_zemí
Values loaded for Vodní_pólo_podle_zemí
Values loaded for Chirurgové_podle_zemí
Values loaded for Triatlon_podle_zemí
Values loaded for Psychiatři_podle_zemí
Values loaded for Měděné_doly_podle_zemí
Values loaded for Plavkyně_podle_zemí
Values loaded for Olověné_doly_podle_zemí
Values loaded for Zaniklé_doly_podle_zemí
Values loaded for Endokrinologové_podle_zemí
Values loaded for Operní_pěvci_podle_zemí
Values loaded for Motocykly_podle_značek
Values loaded for Zlaté_doly_podle_zemí
Values loaded for Vodní_stavby_podle_zemí
Values loaded for Sportovní_zařízení_podle_měst
Values loaded for Atletky_podle_zemí
Values loaded for Patologové_podle_zemí
Values loaded for Rybníky_podle_zemí
Values loaded for Horolezci_podle_zemí
Values loaded for Orientační_běh_podle_zemí
Values loaded for Sportovní_funkcionáři_podle_zemí
Values loaded for Vědci_podle_zemí
Values loaded for Automobiloví_závodníci_podle_zemí
Values loaded for Podnikatelé_podle_oboru
Values loaded for Divadla_podle_měst
Values loaded for Ministři_podle_zemí
Values loaded for Přítoky_podle_řek
Values loaded for Akvadukty_podle_zemí
Values loaded for Japonští_sportovci_podle_sportů
Values loaded for Tenisté_podle_zemí
Values loaded for Sportovní_lezci_podle_zemí
Values loaded for Události_podle_měst
Values loaded for Literární_díla_podle_žánru
Values loaded for Vědci_podle_oboru
Values loaded for Scenáristé_podle_zemí
Values loaded for Přístavy_podle_zemí
Values loaded for Biologové_podle_zemí
Values loaded for Sportovní_kluby_podle_měst
Values loaded for Genetikové_podle_zemí
Values loaded for Veslaři_podle_zemí
Values loaded for Evoluční_biologové_podle_zemí
Values loaded for Geologie_podle_zemí
Values loaded for Literární_díla_podle_zemí
Values loaded for Molekulární_biologové_podle_zemí
Values loaded for Fotbalové_kluby_podle_měst
Values loaded for Kuchaři_podle_zemí
Values loaded for Romány_podle_zemí
Values loaded for Zápasníci_podle_zemí
Values loaded for Hotely_podle_měst
Values loaded for Šipky_podle_zemí
Values loaded for Zpěvačky_podle_zemí
Values loaded for Operní_pěvkyně_podle_zemí
Values loaded for Výtvarníci_podle_zemí
Values loaded for Mokřady_podle_zemí
Values loaded for Jezera_podle_pohoří
Values loaded for Parky_podle_měst
Values loaded for Tanečníci_podle_zemí
Values loaded for Režiséři_podle_zemí
Values loaded for Psí_sporty_podle_zemí
Values loaded for Curling_podle_zemí
Values loaded for Malíři_podle_zemí
Values loaded for Sochaři_podle_zemí
Values loaded for Mykologové_podle_zemí
Values loaded for Botanici_podle_zemí
Values loaded for Filmoví_režiséři_podle_zemí
Values loaded for Anatomové_podle_zemí
Values loaded for Divadelní_režiséři_podle_zemí
Values loaded for Operní_režiséři_podle_zemí
Values loaded for Cyklistika_podle_zemí
Values loaded for Těžba_podle_zemí
Values loaded for Školy_podle_měst
Values loaded for Trenéři_podle_zemí
Values loaded for Sportovní_události_podle_měst
Values loaded for Přístavy_podle_řek
Values loaded for Kostely_podle_měst
Values loaded for Lingvisté_podle_jazyka
Values loaded for Farmaceuti_podle_zemí
Values loaded for Hudebníci_podle_zemí
Values loaded for Hudební_producenti_podle_zemí
Values loaded for Zoologové_podle_zemí
Values loaded for Dílčí_pohoří_podle_pohoří
Values loaded for Organizace_podle_měst
Values loaded for Ženský_sport_podle_zemí
Values loaded for Hudební_skladatelé_podle_zemí
Values loaded for Vodní_stavby_podle_měst
Values loaded for Výstavy_podle_měst
Values loaded for Sochy_podle_zemí
Values loaded for Firmy_podle_měst
Values loaded for Vodopády_podle_pohoří
Values loaded for Australští_sportovci_podle_sportů
Values loaded for Sport_podle_zaniklých_zemí
Values loaded for Bubeníci_podle_zemí
Values loaded for Judisté_podle_zemí
Values loaded for Entomologové_podle_zemí
Values loaded for Restaurace_podle_měst
Values loaded for Veletrhy_podle_měst
Values loaded for Australské_sportovkyně_podle_sportů
Values loaded for Runové_kameny_podle_zemí
Values loaded for Hřbitovy_podle_měst
Values loaded for Mikrobiologové_podle_zemí
Values loaded for Gymnasté_podle_zemí
Values loaded for Přístavní_města_podle_zemí
Values loaded for Výroční_ceny_podle_let
Values loaded for Bobisté_podle_zemí
Values loaded for Průplavy_podle_zemí
Values loaded for Kytaristé_podle_zemí
Values loaded for Čínští_sportovci_podle_sportů
Values loaded for Orientační_běžci_podle_zemí
Values loaded for Šachisté_podle_zemí
Values loaded for Vodní_kanály_podle_zemí
Values loaded for Betonové_sochy_podle_zemí
Values loaded for Majáky_podle_zemí
Values loaded for Sportovní_střelci_podle_zemí
Values loaded for Etnické_skupiny_podle_zemí
Values loaded for Cyklisté_podle_zemí
Values loaded for Filmy_podle_italských_režisérů
Values loaded for Mola_podle_zemí
Values loaded for Jezdci_podle_zemí
Values loaded for Řeky_podle_zemí
Values loaded for Bytové_domy_podle_měst
Values loaded for Spisovatelé_podle_žánrů
Values loaded for Jeskyně_podle_pohoří
Values loaded for Veřejná_akvária_podle_zemí
Values loaded for Busty_podle_zemí
Values loaded for Zálivy_podle_zemí
Values loaded for Žokejové_podle_zemí
Values loaded for Klavíristé_podle_zemí
Values loaded for Lyžaři_podle_zemí
Values loaded for Akrobatičtí_lyžaři_podle_zemí
Values loaded for Alpští_lyžaři_podle_zemí
Values loaded for Mosty_podle_řek
Values loaded for Biatlonisté_podle_zemí
Values loaded for Lední_hokejisté_podle_zemí
Values loaded for Vynálezci_podle_zemí
Values loaded for Stolní_tenisté_podle_zemí
Values loaded for Fotbal_podle_zemí
Values loaded for Železniční_doprava_podle_měst
Values loaded for Teologové_podle_zemí
Values loaded for Obce_podle_zemí
Values loaded for Mramorové_sochy_podle_zemí
Values loaded for Vápencové_sochy_podle_zemí
Values loaded for Lidé_podle_měst
Values loaded for Malá_kopaná_podle_zemí
Values loaded for Laguny_podle_zemí
Values loaded for Cestovatelé_podle_zemí
Values loaded for Žulové_sochy_podle_zemí
Values loaded for Televizní_pořady_podle_žánru
Values loaded for Geografie_podle_měst
Values loaded for Podnikatelé_podle_národnosti
Values loaded for Sport_podle_zemí
Values loaded for Dřevěné_sochy_podle_zemí
Values loaded for Ocelové_sochy_podle_zemí
Values loaded for Měděné_sochy_podle_zemí
Values loaded for Jezera_podle_zemí
Values loaded for Přehradní_nádrže_podle_zemí
Values loaded for Bronzové_sochy_podle_zemí
Values loaded for Zaniklé_firmy_podle_měst
Values loaded for Doprava_podle_kontinentů
Values loaded for Hráze_podle_zemí
Values loaded for Letectví_podle_kontinentů
Values loaded for Sídla_podle_zemí
Values loaded for Geografie_podle_kontinentů
Values loaded for Ostrovy_podle_kontinentů
Values loaded for Železniční_stanice_podle_měst
Values loaded for Ozbrojené_síly_podle_zemí
Values loaded for Rozhlasové_stanice_podle_měst
Values loaded for Duchovní_podle_národnosti
Values loaded for Hudební_skladatelé_podle_národnosti
Values loaded for Matematici_podle_zemí
Values loaded for Hudební_alba_podle_zemí
Values loaded for Lidé_podle_činnosti
Values loaded for Tisícovky_podle_kontinentů
Values loaded for Letecké_společnosti_podle_kontinentů
Values loaded for Regenti_podle_zemí
Values loaded for Režisérky_podle_zemí
Values loaded for Podnikatelé_podle_zemí
Values loaded for Moderátoři_podle_zemí
Values loaded for Statistici_podle_zemí
Values loaded for Kosmonauti_podle_národnosti
Values loaded for Obchodní_domy_podle_zemí
Values loaded for Vodstvo_podle_kontinentů
Values loaded for Města_podle_zemí
Values loaded for Zaniklé_organizace_podle_měst
Values loaded for Zpěvačky_podle_národnosti
Values loaded for Teologové_podle_národnosti
Values loaded for Bývalá_města_podle_zemí
Values loaded for Metro_podle_měst
Values loaded for Fotbalisté_podle_zemí
Values loaded for Manažeři_podle_zemí
Values loaded for Sportovci_podle_zemí
Values loaded for Univerzitní_města_podle_zemí
Values loaded for Lesy_podle_měst
Values loaded for Umění_podle_náboženství
Values loaded for Moře_podle_kontinentů
Values loaded for Zálivy_podle_kontinentů
Values loaded for Laguny_podle_kontinentů
Values loaded for Přehradní_nádrže_podle_kontinentů
Values loaded for Řeky_podle_kontinentů
Values loaded for Jezera_podle_kontinentů
Values loaded for Muzea_podle_měst
Values loaded for Novináři_podle_národnosti
Values loaded for Ředitelé_podle_zemí
Values loaded for Politici_podle_národnosti
Values loaded for Řeky_podle_pohoří
Values loaded for Ledovce_podle_pohoří
Values loaded for Politika_podle_měst
Values loaded for Náhorní_plošiny_podle_kontinentů
Values loaded for Chemici_podle_zemí
Values loaded for Fotbaloví_reprezentanti_podle_zemí
Values loaded for Krasobruslení_podle_let
Values loaded for Sportovní_ligy_podle_zemí
Values loaded for Jeskyně_podle_kontinentů
Values loaded for Šermíři_podle_zemí
Values loaded for Státní_hranice_podle_zemí
Values loaded for Umění_podle_typu
Values loaded for Umění_podle_zemí
Values loaded for Ženy_podle_činnosti
Values loaded for Poloostrovy_podle_kontinentů
Values loaded for Vítězové_podle_sportů
Values loaded for Ekonomika_podle_zemí
Values loaded for Ragbisté_podle_zemí
Values loaded for Pouště_podle_kontinentů
Values loaded for Družstva_podle_zemí
Values loaded for Zápas_podle_let
Values loaded for Českoslovenští_politici_podle_národnosti
Values loaded for Lékaři_podle_národnosti
Values loaded for Sportovci_podle_měst
Values loaded for Boxeři_podle_zemí
Values loaded for Zemědělství_podle_zemí
Values loaded for Sopky_podle_kontinentů
Values loaded for Atentátníci_podle_zemí
Values loaded for Astronomové_podle_zemí
Values loaded for Aktivisté_podle_zemí
Values loaded for Atleti_podle_zemí
Values loaded for Paleontologie_podle_zemí
Values loaded for Feministky_podle_zemí
Values loaded for Galerie_podle_měst
Values loaded for Souostroví_podle_kontinentů
Values loaded for Zvonice_podle_zemí
Values loaded for Vědci_podle_národnosti
Values loaded for Matematici_podle_národnosti
Values loaded for Generálové_podle_zemí
Values loaded for Ekonomové_podle_zemí
Values loaded for Antropologové_podle_zemí
Values loaded for Pohoří_podle_kontinentů
Values loaded for Antropoložky_podle_zemí
Values loaded for Železniční_tunely_podle_měst
Values loaded for Tanky_podle_typu
Values loaded for Překladatelé_podle_národnosti
Values loaded for Horské_chaty_podle_zemí
Values loaded for Volejbalisté_podle_zemí
Values loaded for Sufražetky_podle_zemí
Values loaded for Památky_podle_zemí
Values loaded for Hodinové_věže_podle_zemí
Values loaded for Sakrální_stavby_podle_zemí
Values loaded for Misionáři_podle_zemí
Values loaded for Varhanáři_podle_zemí
Values loaded for Přírodní_památky_podle_zemí
Values loaded for Terorismus_podle_zemí
Values loaded for Plavci_podle_zemí
Values loaded for Zábavní_parky_podle_zemí
Values loaded for Vojenské_stavby_podle_zemí
Values loaded for Firmy_podle_zemí
Values loaded for Islámský_terorismus_podle_zemí
Values loaded for Triatlonisté_podle_zemí
Values loaded for Skauti_podle_zemí
Values loaded for Mosty_podle_měst
Values loaded for Kinematografie_podle_zemí
Values loaded for Programátoři_podle_zemí
Values loaded for Kláštery_podle_zemí
Values loaded for Kostely_podle_zemí
Values loaded for Právníci_podle_národnosti
Values loaded for Egyptští_sportovci_podle_sportů
Values loaded for Portugalští_sportovci_podle_sportů
Values loaded for Modelky_podle_zemí
Values loaded for Softwarové_firmy_podle_zemí
Values loaded for Protestantské_kostely_podle_zemí
Values loaded for Herečky_podle_zemí
Values loaded for Geologové_podle_zemí
Values loaded for Geografie_podle_zemí
Values loaded for Chemické_firmy_podle_zemí
Values loaded for Terorismus_podle_typu
Values loaded for Římskokatolické_kostely_podle_zemí
Values loaded for Golfisté_podle_zemí
Values loaded for Dirigenti_podle_zemí
Values loaded for Basketbalisté_podle_zemí
Values loaded for Evropští_podnikatelé_podle_zemí
Values loaded for Novinářky_podle_zemí
Values loaded for Tanečnice_podle_zemí
Values loaded for Nakladatelé_podle_zemí
Values loaded for Pevnosti_podle_zemí
Values loaded for Pedagožky_podle_zemí
Values loaded for Viceprezidenti_podle_zemí
Values loaded for Propasti_podle_zemí
Values loaded for Nizozemští_sportovci_podle_sportů
Values loaded for Filmové_herečky_podle_zemí
Values loaded for Letiště_podle_měst
Values loaded for Kultura_podle_zemí
Values loaded for Chrámy_podle_zemí
Values loaded for Paleontologové_podle_zemí
Values loaded for Hudba_podle_zemí
Values loaded for Hudební_organizace_podle_zemí
Values loaded for Sportovní_události_podle_zemí
Values loaded for Hrady_podle_zemí
Values loaded for Šachy_podle_let
Values loaded for Kina_podle_zemí
Values loaded for Herci_podle_zemí
Values loaded for Nizozemské_sportovkyně_podle_sportů
Values loaded for Rytci_podle_zemí
Values loaded for Fotbalové_události_podle_zemí
Values loaded for Hradiště_podle_zemí
Values loaded for Divadla_podle_zemí
Values loaded for Televizní_herci_podle_zemí
Values loaded for Filmoví_herci_podle_zemí
Values loaded for Atletické_události_podle_zemí
Values loaded for Filmové_festivaly_podle_zemí
Values loaded for Buddhistické_chrámy_podle_zemí
Values loaded for Filantropové_podle_zemí
Values loaded for Teroristické_útoky_podle_zemí
Values loaded for Taekwondo_podle_let
Values loaded for Literatura_podle_zemí
Values loaded for Spisovatelé_podle_zemí
Values loaded for Etnologové_podle_zemí
Values loaded for Historikové_podle_zemí
Values loaded for Národní_divadla_podle_zemí
Values loaded for Spisovatelky_podle_zemí
Values loaded for Papežové_podle_zemí
Values loaded for Archiváři_podle_zemí
Values loaded for Videohry_podle_zemí
Values loaded for Trestná_činnost_podle_zemí
Values loaded for Amfiteátry_podle_zemí
Values loaded for Norští_sportovci_podle_sportů
Values loaded for Pravoslavné_chrámy_podle_zemí
Values loaded for Narození_podle_zemí
Values loaded for Sportovkyně_podle_zemí
Values loaded for Vyhlídky_podle_zemí
Values loaded for Literární_historikové_podle_zemí
Values loaded for Katedrály_podle_zemí
Values loaded for Státní_zástupci_podle_zemí
Values loaded for Sochy_podle_materiálu
Values loaded for Kronikáři_podle_zemí
Values loaded for Hudební_skupiny_podle_národnosti
Values loaded for Fotbalové_reprezentace_podle_zemí
Values loaded for Školy_podle_zemí
Values loaded for Rozhledny_podle_zemí
Values loaded for Kaple_podle_zemí
Values loaded for Sportovní_střelba_podle_zemí
Values loaded for Šachy_podle_zemí
Values loaded for Divadlo_podle_zemí
Values loaded for Mistryně_podle_zemí
Values loaded for Volby_podle_zemí
Values loaded for Konzervatoře_podle_zemí
Values loaded for Skeleton_podle_let
Values loaded for Političky_podle_zemí
Values loaded for Referenda_podle_zemí
Values loaded for Mešity_podle_zemí
Values loaded for Judo_podle_zemí
Values loaded for Básníci_podle_zemí
Values loaded for Hvězdárny_podle_zemí
Values loaded for Nakladatelství_podle_zemí
Values loaded for Válečné_zločiny_podle_zemí
Values loaded for Synagogy_podle_zemí
Values loaded for Hřbitovy_podle_zemí
Values loaded for Saně_podle_zemí
Values loaded for Duchovní_podle_zemí
Values loaded for Židovské_hřbitovy_podle_zemí
Values loaded for Vysoké_školy_podle_zemí
Values loaded for Univerzitní_sport_podle_zemí
Values loaded for Boby_podle_zemí
Values loaded for Badminton_podle_let
Values loaded for Hokejoví_trenéři_podle_zemí
Values loaded for Novináři_podle_zemí
Values loaded for Sportovní_novináři_podle_zemí
Values loaded for Vodní_sporty_podle_let
Values loaded for Gymnázia_podle_zemí
Values loaded for Basketbal_podle_zemí
Values loaded for Výtvarné_umění_podle_zemí
Values loaded for Revolucionáři_podle_zemí
Values loaded for Právníci_podle_zemí
Values loaded for Překladatelé_podle_zemí
Values loaded for Golf_podle_zemí
Values loaded for Základní_školy_podle_zemí
Values loaded for Holokaust_podle_zemí
Values loaded for Politici_podle_zemí
Values loaded for Sport_podle_závislých_území
Values loaded for Administrativní_dělení_podle_zemí
Values loaded for Zdravotnická_zařízení_podle_zemí
Values loaded for Baseball_podle_zemí
Values loaded for Kuchyně_podle_zemí
Values loaded for Lázně_podle_zemí
Values loaded for Házená_podle_zemí
Values loaded for Advokáti_podle_zemí
Values loaded for Klasičtí_archeologové_podle_zemí
Values loaded for Ostrovy_podle_zemí
Values loaded for Sportovní_kluby_podle_zemí
Values loaded for Kulturní_památky_podle_zemí
Values loaded for Lázeňské_parky_podle_zemí
Values loaded for Astrologové_podle_zemí
Values loaded for Fotografie_podle_zemí
Values loaded for Evropská_kultura_podle_zemí
Values loaded for Atletika_podle_zemí
Values loaded for Badminton_podle_zemí
Values loaded for Říční_ostrovy_podle_zemí
Values loaded for Meteorologové_podle_zemí
Values loaded for Průmyslové_stavby_podle_zemí
Values loaded for Evropská_architektura_podle_zemí
Values loaded for Američtí_sportovci_podle_sportů
Values loaded for Rozhodčí_podle_zemí
Values loaded for Dopravní_nehody_podle_typu
Values loaded for Přehradní_nádrže_podle_pohoří
Values loaded for Pouště_podle_zemí
Values loaded for Rychlobruslení_podle_zemí
Values loaded for Psychologové_podle_zemí
Values loaded for Asijská_kultura_podle_zemí
Values loaded for Elektrárny_podle_zemí
Values loaded for Větrné_elektrárny_podle_zemí
Values loaded for Fotografové_podle_zemí
Values loaded for Skalní_jehly_podle_zemí
Values loaded for Lední_hokej_podle_zemí
Values loaded for Kulturní_zařízení_podle_zemí
Values loaded for Jaderné_elektrárny_podle_zemí
Values loaded for Uhelné_elektrárny_podle_zemí
Values loaded for Vodní_elektrárny_podle_zemí
Values loaded for Války_podle_zemí
Values loaded for Architektura_podle_zemí
Values loaded for Box_podle_zemí
Values loaded for Sexuologové_podle_zemí
Values loaded for Pivovary_podle_zemí
Values loaded for Fotbalové_kluby_podle_zemí
Values loaded for Povstání_podle_zemí
Values loaded for Špióni_podle_zemí
Values loaded for Kanibalové_podle_zemí
Values loaded for Dokumentární_filmy_podle_zemí
Values loaded for Soutěsky_podle_zemí
Values loaded for Archivy_podle_zemí
Values loaded for Metro_podle_zemí
Values loaded for Kriminální_filmy_podle_zemí
Values loaded for Akční_filmy_podle_zemí
Values loaded for Pobřeží_podle_zemí
Values loaded for Lingvisté_podle_zemí
Values loaded for Revoluce_podle_zemí
Values loaded for Doly_podle_zemí
Values loaded for Válečné_lodě_podle_zemí
Values loaded for Architekti_podle_zemí
Values loaded for Železniční_doprava_podle_zemí
Values loaded for Letadlové_lodě_podle_zemí
Values loaded for Stříbrné_doly_podle_zemí
Values loaded for Uranové_doly_podle_zemí
Values loaded for Invaze_podle_zemí
Values loaded for Bitvy_podle_typu
Values loaded for Politika_podle_zemí
Values loaded for Železniční_vozidla_podle_zemí
Values loaded for Filmové_komedie_podle_zemí
Values loaded for Muzea_podle_zemí
Values loaded for Tenis_podle_zemí
Values loaded for Dramatické_filmy_podle_zemí
Values loaded for Historické_filmy_podle_zemí
Values loaded for Válečné_filmy_podle_zemí
Values loaded for Technická_muzea_podle_zemí
Values loaded for Dostihový_sport_podle_zemí
Values loaded for Zaniklé_entity_podle_zemí
Values loaded for Americký_fotbal_podle_zemí
Values loaded for Stolní_tenis_podle_zemí
Values loaded for Slavisté_podle_zemí
Values loaded for Úředníci_podle_zemí
Values loaded for Herci_podle_média
Values loaded for Sběratelé_podle_zemí
Values loaded for Mrakodrapy_podle_měst
Values loaded for Parní_lokomotivy_podle_zemí
Values loaded for Filmové_muzikály_podle_zemí
Values loaded for Zaniklá_sídla_podle_zemí
Values loaded for Souostroví_podle_zemí
Values loaded for Motorové_lokomotivy_podle_zemí
Values loaded for Animované_filmy_podle_zemí
Values loaded for Zaniklé_obce_podle_zemí
Values loaded for Profesoři_podle_zemí
Values loaded for Vojenská_muzea_podle_zemí
Values loaded for Elektrické_jednotky_podle_zemí
Values loaded for Elektrické_lokomotivy_podle_zemí
Values loaded for Železniční_nehody_podle_zemí
Values loaded for Železniční_mosty_podle_zemí
Values loaded for Sérioví_vrazi_podle_zemí
Values loaded for Přístavy_podle_moří
Values loaded for Bývalé_obce_podle_zemí
Values loaded for Filozofové_podle_zemí
Values loaded for Zaniklé_stavby_podle_zemí
Values loaded for Zaniklé_organizace_podle_zemí
Values loaded for Zaniklé_firmy_podle_zemí
Values loaded for Rusisté_podle_zemí
Values loaded for Kulturní_události_podle_zemí
Values loaded for Divadelní_herečky_podle_zemí
Values loaded for Festivaly_podle_zemí
Values loaded for Hudební_události_podle_zemí
Values loaded for Hudební_soutěže_podle_zemí
Values loaded for Hudební_festivaly_podle_zemí
Values loaded for Výstavy_podle_zemí
Values loaded for Veletrhy_podle_zemí
Values loaded for Státní_svátky_podle_zemí
Values loaded for Politické_strany_podle_zemí
Values loaded for Lyžování_podle_zemí
Values loaded for Komunistické_strany_podle_zemí
Values loaded for Protesty_podle_zemí
Values loaded for Konopí_podle_zemí
Values loaded for Stavby_podle_typu
Values loaded for Sportovní_zařízení_podle_zemí
Values loaded for Alpské_lyžování_podle_zemí
Values loaded for Rodinné_filmy_podle_zemí
Values loaded for Dobrodružné_filmy_podle_zemí
Values loaded for Nepokoje_podle_zemí
Values loaded for Opery_podle_jazyka
Values loaded for Stadiony_podle_zemí
Values loaded for Klasické_lyžování_podle_zemí
Values loaded for Romantické_filmy_podle_zemí
Values loaded for Knihovny_podle_zemí
Values loaded for Tisícovky_podle_zemí
Values loaded for Biatlon_podle_zemí
Values loaded for Akrobatické_lyžování_podle_zemí
Values loaded for Hokejové_stadiony_podle_zemí
Values loaded for Letectví_podle_zemí
Values loaded for Skialpinismus_podle_zemí
Values loaded for Archeologie_podle_zemí
Values loaded for Gymnastika_podle_zemí
Values loaded for Pozemní_hokej_podle_zemí
Values loaded for Mistři_podle_sportů
Values loaded for Kulturistika_podle_zemí
Values loaded for Skeleton_podle_zemí
Values loaded for Atoly_podle_zemí
Values loaded for Náhorní_plošiny_podle_zemí
Values loaded for Římští_katolíci_podle_zemí
Values loaded for Vodstvo_podle_zemí
Values loaded for Závodní_okruhy_podle_zemí
Values loaded for Esperanto_podle_zemí
Values loaded for Fantastické_filmy_podle_zemí
Values loaded for Nížiny_podle_zemí
Values loaded for Nářečí_podle_jazyka
Values loaded for Letiště_podle_kontinentů
Values loaded for Kultura_podle_regionů
Values loaded for Kříže_podle_zemí
Values loaded for Doprava_podle_zemí
Values loaded for Povodně_podle_zemí
Values loaded for Vodopády_podle_zemí
Values loaded for Letiště_podle_zemí
Values loaded for Rasismus_podle_zemí
Values loaded for Fyzici_podle_zemí
Values loaded for Archeologické_lokality_podle_zemí
Values loaded for Kultura_podle_kontinentů
Values loaded for Potoky_podle_zemí
Values loaded for Vodní_sporty_podle_zemí
Values loaded for Náboženství_podle_kontinentů
Values loaded for Křesťanství_podle_kontinentů
Values loaded for Fotografie_podle_kontinentů
Values loaded for Sport_podle_kontinentů
Values loaded for Antisemitismus_podle_zemí
Values loaded for Archeologické_nálezy_podle_zemí
Values loaded for Letadla_podle_zemí
Values loaded for Premiéři_podle_zemí
Values loaded for Sídla_podle_řek
Values loaded for Přístavní_města_podle_oceánů
Values loaded for Dálnice_podle_zemí
Values loaded for Vzducholodě_podle_zemí
Values loaded for Vysílače_podle_zemí
Values loaded for Pravěk_podle_zemí
Values loaded for Rabíni_podle_zemí
Values loaded for Drážní_doprava_podle_zemí
Values loaded for Vlády_podle_zemí
Values loaded for Křesťanství_podle_zemí
Values loaded for Zálivy_podle_oceánů
Values loaded for Moře_podle_oceánu
Values loaded for Průlivy_podle_oceánů
Values loaded for Bitvy_podle_zemí
Values loaded for Soudci_podle_zemí
Values loaded for Ulice_podle_zemí
Values loaded for Námořní_bitvy_podle_zemí
Values loaded for Kultura_podle_měst
Values loaded for Hrobky_podle_zemí
Values loaded for Policisté_podle_zemí
Values loaded for Výzkumné_ústavy_podle_zemí
Values loaded for Filmy_podle_žánru
Values loaded for Mohyly_podle_zemí
Values loaded for Rychlostní_silnice_podle_zemí
Values loaded for Přítoky_podle_oceánů
Values loaded for Souostroví_podle_oceánů
Values loaded for Ostrovy_podle_oceánů
Values loaded for Přístavy_podle_oceánů
Values loaded for Trestní_procesy_podle_zemí
Values loaded for Soutěže_podle_zemí
Values loaded for Ateisté_podle_národnosti
Values loaded for Judo_podle_let
Values loaded for Skalní_útvary_podle_zemí
Values loaded for Umělecké_soutěže_podle_zemí
Values loaded for Vojenské_letectví_podle_zemí
Values loaded for Lanové_dráhy_podle_zemí
Values loaded for Letecké_bitvy_podle_zemí
Values loaded for Sportovní_soutěže_podle_zemí
Values loaded for Vojenské_základny_podle_zemí
Values loaded for Hudba_podle_měst
Values loaded for Paláce_podle_zemí
Values loaded for Náměstí_podle_zemí
Values loaded for Galerie_podle_zemí
Values loaded for Obytné_stavby_podle_zemí
Values loaded for Římskokatolická_církev_podle_zemí
Values loaded for Okresy_podle_zemí
Values loaded for Vojenská_letadla_podle_zemí
Values loaded for Tenisové_turnaje_podle_zemí
Values loaded for Silnice_podle_zemí
Values loaded for Šlechta_podle_zemí
Values loaded for Silniční_mosty_podle_zemí
Values loaded for Plavání_podle_let
Values loaded for Letecké_nehody_podle_zemí
Values loaded for Cyklistické_závody_podle_zemí
Values loaded for Videohry_podle_žánru
Values loaded for Jeskyně_podle_zemí
Values loaded for Vily_podle_zemí
Values loaded for Hudební_ceny_podle_zemí
Values loaded for Stavby_podle_zemí
Values loaded for Mistři_podle_zemí
Values loaded for Klasicistní_stavby_podle_zemí
Values loaded for Barokní_stavby_podle_zemí
Values loaded for Renesanční_stavby_podle_zemí
Values loaded for Secesní_stavby_podle_zemí
Values loaded for Turistické_trasy_podle_zemí
Values loaded for Náboženství_podle_měst
Values loaded for Hotely_podle_zemí
Values loaded for Zahrady_podle_zemí
Values loaded for Veřejná_správa_podle_zemí
Values loaded for Mrakodrapy_podle_zemí
Values loaded for Gotické_stavby_podle_zemí
Values loaded for Organizace_podle_zemí
Values loaded for Fotbalové_soutěže_podle_zemí
Values loaded for Jaderní_fyzici_podle_zemí
Values loaded for Odborové_organizace_podle_zemí
Values loaded for Ledovcová_jezera_podle_zemí
Values loaded for Webové_seriály_podle_zemí
Values loaded for Botanické_zahrady_podle_zemí
Values loaded for Veřejná_prostranství_podle_zemí
Values loaded for Parky_podle_zemí
Values loaded for Zámky_podle_zemí
Values loaded for Letecké_společnosti_podle_zemí
Values loaded for Zpravodajské_služby_podle_zemí
Values loaded for Věznice_podle_zemí
Values loaded for Silniční_doprava_podle_zemí
Values loaded for Letecká_esa_podle_zemí
Values loaded for Sportovní_organizace_podle_zemí
Values loaded for Ministerstva_podle_zemí
Values loaded for Gotické_kostely_podle_zemí
Values loaded for Prezidenti_podle_zemí
Values loaded for Vraždy_podle_zemí
Values loaded for Úřady_podle_měst
Values loaded for Spolky_podle_zemí
Values loaded for Letecké_motory_podle_zemí
Values loaded for Archeologové_podle_zemí
Values loaded for Nemocnice_podle_zemí
Values loaded for Veterináři_podle_zemí
Values loaded for Letci_podle_zemí
Values loaded for Anarchistické_organizace_podle_zemí
Values loaded for Palné_zbraně_podle_zemí
Values loaded for Geologické_lokality_podle_zemí
Values loaded for Radnice_podle_zemí
Values loaded for Autobusová_doprava_podle_zemí
Values loaded for Vodní_doprava_podle_zemí
Values loaded for Olympijští_vítězové_podle_sportů
Values loaded for Písně_podle_let
Values loaded for Průlivy_podle_zemí
Values loaded for Kulomety_podle_zemí
Values loaded for Televizní_seriály_podle_tématu
Values loaded for Románské_stavby_podle_zemí
Values loaded for Obelisky_podle_zemí
Values loaded for Restaurace_podle_zemí
Values loaded for Podzemní_stavby_podle_zemí
Values loaded for Mistryně_podle_sportů
Values loaded for Lodě_podle_zemí
Values loaded for Věže_podle_zemí
Values loaded for Pušky_podle_zemí
Values loaded for Triatlon_podle_let
Values loaded for Šikmé_věže_podle_zemí
Values loaded for Ponorky_podle_zemí
Values loaded for Dopravní_firmy_podle_zemí
Values loaded for Lidé_podle_zaměstnavatelů
Values loaded for Opera_podle_zemí
Values loaded for Automobilky_podle_zemí
Values loaded for Divadelní_herci_podle_zemí
Values loaded for Fotbaloví_trenéři_podle_zemí
Values loaded for Filmoví_producenti_podle_zemí
Values loaded for Vesnice_podle_zemí
Values loaded for Mysy_podle_zemí
Values loaded for Rokokové_stavby_podle_zemí
Values loaded for Kraje_podle_zemí
Values loaded for Historická_území_podle_zemí
Values loaded for Ekonomika_podle_zaniklých_zemí
Values loaded for Televizní_stanice_podle_tématu
Values loaded for Automobily_podle_zemí
Values loaded for Povodí_podle_zemí
Values loaded for Arcibiskupové_podle_zemí
Values loaded for Ekonomie_podle_oboru
Values loaded for Rychlobruslení_podle_let
Values loaded for Pohoří_podle_zemí
Values loaded for Lesy_podle_zemí
Values loaded for Bankéři_podle_zemí
Values loaded for Bojová_vozidla_podle_zemí
Values loaded for Monarchie_podle_zemí
Values loaded for Trenéři_podle_sportů
Values loaded for Lidská_práva_podle_zemí
Values loaded for Jazyky_podle_zemí
Values loaded for Cenzura_podle_zemí
Values loaded for Katolické_kostely_podle_zemí
Values loaded for Tanky_podle_zemí
Values loaded for Poloostrovy_podle_zemí
Values loaded for Zoologické_zahrady_podle_zemí
Values loaded for Letečtí_výrobci_podle_zemí
Values loaded for Technologie_podle_oboru
Values loaded for Šlechtici_podle_zemí
Values loaded for Americké_sportovkyně_podle_sportů
Values loaded for Turečtí_sportovci_podle_sportů
Values loaded for Albánští_sportovci_podle_sportů
Values loaded for Provincie_podle_zemí
Values loaded for Pošta_podle_zemí
Values loaded for Lotyšští_sportovci_podle_sportů
Values loaded for Argentinští_sportovci_podle_sportů
Values loaded for Regiony_podle_zemí
Values loaded for Hudební_alba_podle_žánrů
Values loaded for Sportovní_organizace_podle_sportů
Values loaded for Obrazy_podle_malíře
Values loaded for Doprava_podle_měst
Values loaded for Olympijské_hry_podle_zemí
Values loaded for Kosmické_sondy_podle_zemí
Values loaded for Dopravní_stavby_podle_zemí
Values loaded for Časopisy_podle_tématu
Values loaded for Mosty_podle_zemí
Values loaded for Autobusová_doprava_podle_měst
Values loaded for Sportovní_reprezentace_podle_zemí
Values loaded for Vězni_podle_zemí
Values loaded for Lávky_podle_zemí
Values loaded for Tunely_podle_zemí
Values loaded for Sportovní_střelba_podle_let
Values loaded for Španělští_sportovci_podle_sportů
Values loaded for Řečtí_sportovci_podle_sportů
Values loaded for Hraniční_přechody_podle_zemí
Values loaded for Písně_podle_žánrů
Values loaded for Páni_podle_zemí
Values loaded for Technické_památky_podle_zemí
Values loaded for Tratě_podle_zemí
Values loaded for Železniční_tratě_podle_zemí
Values loaded for Železniční_stanice_podle_zemí
Values loaded for Pláže_podle_zemí
Values loaded for Pozemní_komunikace_podle_zemí
Values loaded for Internet_podle_zemí
Values loaded for Průkopníci_podle_oboru
Values loaded for Kanadští_sportovci_podle_sportů
Values loaded for Muzea_podle_zaměření
Values loaded for Internetové_stránky_podle_zemí
Values loaded for Zbraně_podle_zemí
Values loaded for Soudy_podle_zemí
Values loaded for Kanadské_sportovkyně_podle_sportů
Values loaded for Umění_podle_tématu
Values loaded for Údolí_podle_zemí
Values loaded for Události_podle_kontinentů
Values loaded for Katastrofy_podle_kontinentů
Values loaded for Dělostřelectvo_podle_zemí
Values loaded for Mezinárodní_smlouvy_podle_stran
Values loaded for Úmrtí_podle_kontinentů
Values loaded for Narození_podle_kontinentů
Values loaded for Ostrovy_podle_moří
Values loaded for Výrobky_podle_zemí
Values loaded for Mírové_smlouvy_podle_stran
Values loaded for Události_podle_zemí
Values loaded for Katastrofy_podle_zemí
Values loaded for Důlní_neštěstí_podle_zemí
Values loaded for Zpěváci_podle_žánrů
Values loaded for Státní_symboly_podle_zemí
Values loaded for Bitvy_podle_bojiště
Values loaded for Zemětřesení_podle_zemí
Values loaded for Zpěvačky_podle_žánrů
Values loaded for Životní_prostředí_podle_zemí
Values loaded for Požáry_podle_zemí
Values loaded for Majáky_podle_moří
Values loaded for Zálivy_podle_moří
Values loaded for Ohrožené_lokality_podle_zemí
Values loaded for Chráněná_území_podle_zemí
Values loaded for Dopravní_nehody_podle_zemí
Values loaded for Sportovní_kluby_podle_sportů
Values loaded for Hudebníci_podle_žánru
Values loaded for Bubeníci_podle_žánru
Values loaded for Klavíristé_podle_žánru
Values loaded for Příroda_podle_zemí
Values loaded for Flóra_podle_zemí
Values loaded for Průmysl_podle_zemí
Values loaded for Kytaristé_podle_žánru
Values loaded for Národní_parky_podle_zemí
Values loaded for Úmrtí_podle_zemí
Values loaded for Bilaterální_vztahy_podle_zemí
Values loaded for Sportovní_reprezentace_podle_sportů
Values loaded for Fiktivní_postavy_podle_povolání
Values loaded for Přístavní_města_podle_moří
Values loaded for Sportovní_soutěže_podle_sportů
Values loaded for Pobřeží_podle_moří
Values loaded for Poloostrovy_podle_moří
Values loaded for Tisíciletí_podle_kontinentů
Values loaded for Stavby_podle_kontinentů
Values loaded for Slavná_zvířata_podle_zemí
Values loaded for Ledovce_podle_zemí
Values loaded for Sebevraždy_podle_zemí
Values loaded for Prameny_podle_zemí
Values loaded for Gejzíry_podle_zemí
Values loaded for Buddhistické_kláštery_podle_zemí
Values loaded for Dinosauři_podle_zemí
Values loaded for Mistrovství_podle_sportů
Values loaded for Právo_podle_zemí
Values loaded for Zákony_podle_zemí
Values loaded for Ústavní_právo_podle_zemí
Values loaded for Ústavy_podle_zemí
Values loaded for Písně_podle_zemí
Values loaded for Energetické_firmy_podle_zemí
Values loaded for Olympijští_medailisté_podle_sportů
Values loaded for Hudební_skupiny_podle_žánru
Values loaded for Basketbal_podle_let
Values loaded for Daně_podle_zemí
Values loaded for Filmy_podle_zemí
Values loaded for Vzdělávání_podle_zemí
Values loaded for Televizní_seriály_podle_žánru
Values loaded for Školství_podle_zemí
Values loaded for Čeští_sportovci_podle_sportů
Values loaded for Filmy_podle_tématu
Values loaded for Biatlon_podle_let
Values loaded for Knihy_podle_tématu
Values loaded for Videohry_podle_tématu
Values loaded for České_sportovkyně_podle_sportů
Values loaded for Stolní_tenis_podle_let
Values loaded for Němečtí_sportovci_podle_sportů
Values loaded for Německé_sportovkyně_podle_sportů
Values loaded for Slovenští_sportovci_podle_sportů
Values loaded for Gruzínští_sportovci_podle_sportů
Values loaded for Sovětští_sportovci_podle_sportů
Values loaded for České_videohry_podle_tématu
Values loaded for Sovětské_sportovkyně_podle_sportů
Values loaded for Maďarští_sportovci_podle_sportů
Values loaded for Polští_sportovci_podle_sportů
Values loaded for Polské_sportovkyně_podle_sportů
Values loaded for Srbští_sportovci_podle_sportů
Values loaded for Arménští_sportovci_podle_sportů
Values loaded for Stavby_podle_autorů
Values loaded for Ukrajinští_sportovci_podle_sportů
Values loaded for Ukrajinské_sportovkyně_podle_sportů
Values loaded for Lucemburští_sportovci_podle_sportů
Values loaded for Francouzští_sportovci_podle_sportů
Values loaded for Francouzské_sportovkyně_podle_sportů
Values loaded for Mexičtí_sportovci_podle_sportů
Values loaded for Britští_sportovci_podle_sportů
Values loaded for Švédští_sportovci_podle_sportů
Values loaded for Švédské_sportovkyně_podle_sportů
Values loaded for Jugoslávští_sportovci_podle_sportů
Values loaded for Ruští_sportovci_podle_sportů
Values loaded for Doprava_podle_let
Values loaded for Politika_podle_let
Values loaded for Ruské_sportovkyně_podle_sportů
Values loaded for Českoslovenští_sportovci_podle_sportů
Values loaded for Kubánští_sportovci_podle_sportů
Values loaded for Atletika_podle_let
Values loaded for Mezinárodní_vztahy_podle_let
Values loaded for Automobily_podle_značky
Values loaded for Autobusy_podle_značky
Values loaded for Tenis_podle_let
Values loaded for Fotbal_podle_let
Values loaded for Nákladní_automobily_podle_značky
Values loaded for Házená_podle_let
Values loaded for Futsal_podle_let
Values loaded for Česká_kultura_podle_měst
Values loaded for Malá_kopaná_podle_let
Values loaded for Dopravní_nehody_podle_let
Values loaded for Pozemní_hokej_podle_let
Values loaded for Saně_podle_let
Values loaded for Televizní_filmy_podle_let
Values loaded for Události_podle_let
Values loaded for Sport_podle_let
Values loaded for Cyklistika_podle_let
Values loaded for Boby_podle_let
Values loaded for Orientační_běh_podle_let
Values loaded for Letecké_nehody_podle_let
Values loaded for Konflikty_podle_let
Values loaded for Psí_sporty_podle_let
Values loaded for Curling_podle_let
Values loaded for Železniční_nehody_podle_let
Values loaded for Gymnastika_podle_let
Values loaded for Baseball_podle_let
Values loaded for Katastrofy_podle_let
Values loaded for Letadla_podle_výrobce
Values loaded for Mobilní_telefony_podle_výrobce
Values loaded for Teroristické_útoky_podle_let
Values loaded for Zemětřesení_podle_let
Values loaded for Požáry_podle_let
Values loaded for Lední_hokej_podle_let
Values loaded for Referenda_podle_let
Values loaded for Televizní_pořady_podle_let
Values loaded for Tanky_podle_období
Values loaded for Lyžování_podle_let
Values loaded for Filmy_podle_studií
Values loaded for Filmy_podle_amerických_režisérů
Values loaded for Software_podle_firem
Values loaded for Století_podle_kontinentů
Values loaded for Turistika_podle_zemí
Values loaded for Turistické_zajímavosti_podle_zemí
Values loaded for Zříceniny_podle_zemí
Values loaded for Společnost_podle_zemí
Values loaded for Alpské_lyžování_podle_let
Values loaded for Filmy_podle_australských_režisérů
Values loaded for Sdělovací_prostředky_podle_zemí
Values loaded for Rozhlas_podle_zemí
Values loaded for Rozhlasové_stanice_podle_zemí
Values loaded for Propaganda_podle_zemí
Values loaded for Časopisy_podle_zemí
Values loaded for Noviny_podle_zemí
Values loaded for Televize_podle_zemí
Values loaded for Televizní_stanice_podle_zemí
Values loaded for Televizní_pořady_podle_zemí
Values loaded for Televizní_filmy_podle_zemí
Values loaded for Televizní_soutěže_podle_zemí
Values loaded for Televizní_seriály_podle_zemí
Values loaded for Mediální_firmy_podle_zemí
Values loaded for Internetové_firmy_podle_zemí
Values loaded for Banky_podle_zemí
Values loaded for Policie_podle_zemí
Values loaded for Zdravotnictví_podle_zemí
Values loaded for Zdravotní_sestry_podle_zemí
Values loaded for Náboženství_podle_zemí
Values loaded for Zvony_podle_zemí
Values loaded for Filmy_podle_ruských_režisérů
Values loaded for Buddhismus_podle_zemí
Values loaded for Islám_podle_zemí
Values loaded for Judaismus_podle_zemí
Values loaded for Filmy_podle_rakouských_režisérů
Values loaded for Klasické_lyžování_podle_let
Values loaded for Akrobatické_lyžování_podle_let
Values loaded for Filmy_podle_kanadských_režisérů
Values loaded for Filmy_podle_čínských_režisérů
Values loaded for Filmy_podle_novozélandských_režisérů
Values loaded for Filmy_podle_irských_režisérů
Values loaded for Box_podle_let
Values loaded for Hudební_alba_podle_interpretů
Values loaded for Filmy_podle_francouzských_režisérů
Values loaded for Filmy_podle_švédských_režisérů
Values loaded for Filmy_podle_dánských_režisérů
Values loaded for Bitvy_podle_let
Values loaded for Filmy_podle_britských_režisérů
Values loaded for Filmy_podle_nizozemských_režisérů
Values loaded for Filmy_podle_slovenských_režisérů
Values loaded for Filmy_podle_španělských_režisérů
Values loaded for Filmy_podle_německých_režisérů
Values loaded for Umělci_podle_národnosti
Values loaded for Spisovatelé_podle_národnosti
Values loaded for Básníci_podle_národnosti
Values loaded for Výtvarníci_podle_národnosti
Values loaded for Hudebníci_podle_národnosti
Values loaded for Koncertní_alba_podle_interpretů
Values loaded for Soundtracky_podle_interpretů
Values loaded for Písně_podle_interpreta
Values loaded for Skladby_podle_autorů
Values loaded for Písně_podle_autorů
Values loaded for Opery_podle_skladatelů
Values loaded for Filmy_podle_režisérek
Values loaded for Filmy_podle_českých_režisérů
Values loaded for Literární_díla_podle_spisovatelů
Values loaded for Divadelní_hry_podle_autorů
Values loaded for Televizní_seriály_podle_tvůrců
Values loaded for Volby_podle_instituce
Values loaded for Organizace_podle_typu
Values loaded for Letecké_společnosti_podle_typu
Values loaded for Spolky_podle_typu
Values loaded for Mezinárodní_organizace_podle_typu
Values loaded for Komunikace_podle_typu
Values loaded for Herečky_podle_média
Values loaded for Filmy_podle_typu
All values loaded, count: 1114

Loading keys...
Keys loaded for Taekwondo_podle_let
Keys loaded for Úřady_podle_měst
Keys loaded for Webové_seriály_podle_let
Keys loaded for Soundtracky_podle_interpretů
Keys loaded for Skeleton_podle_let
Keys loaded for Filozofie_podle_regionů
Keys loaded for Katolické_kostely_podle_zemí
Keys loaded for Průplavy_podle_zemí
Keys loaded for Gruzínští_sportovci_podle_sportů
Keys loaded for Flóra_podle_kontinentů
Keys loaded for Orientační_běh_podle_zemí
Keys loaded for Badminton_podle_let
Keys loaded for Golfisté_podle_zemí
Keys loaded for Basketbalisté_podle_zemí
Keys loaded for Výroční_ceny_podle_let
Keys loaded for Šipky_podle_zemí
Keys loaded for Turečtí_sportovci_podle_sportů
Keys loaded for Psí_sporty_podle_zemí
Keys loaded for Ekonomika_podle_měst
Keys loaded for Ostrovy_podle_měst
Keys loaded for Události_podle_kontinentů
Keys loaded for Metro_podle_měst
Keys loaded for Curling_podle_zemí
Keys loaded for Albánští_sportovci_podle_sportů
Keys loaded for Regiony_podle_zemí
Keys loaded for Stavby_podle_měst
Keys loaded for Knihy_podle_tématu
Keys loaded for Jezera_podle_pohoří
Keys loaded for Katastrofy_podle_kontinentů
Keys loaded for Krasobruslení_podle_let
Keys loaded for Sportovní_zařízení_podle_měst
Keys loaded for Judo_podle_let
Keys loaded for Vegetariáni_podle_zemí
Keys loaded for Zahrady_podle_měst
Keys loaded for Železniční_tunely_podle_měst
Keys loaded for Videohry_podle_tématu
Keys loaded for České_videohry_podle_tématu
Keys loaded for Zaniklé_monarchie_podle_kontinentů
Keys loaded for Dílčí_pohoří_podle_pohoří
Keys loaded for Vodopády_podle_pohoří
Keys loaded for Šachy_podle_let
Keys loaded for Vodní_kanály_podle_zemí
Keys loaded for Jeskyně_podle_pohoří
Keys loaded for Řeky_podle_pohoří
Keys loaded for Ledovce_podle_kontinentů
Keys loaded for Ledovce_podle_pohoří
Keys loaded for Parky_podle_měst
Keys loaded for Lotyšští_sportovci_podle_sportů
Keys loaded for Zaniklé_entity_podle_zemí
Keys loaded for Orientační_běžci_podle_zemí
Keys loaded for Rabíni_podle_zemí
Keys loaded for Přehradní_nádrže_podle_pohoří
Keys loaded for Přístavy_podle_moří
Keys loaded for Kaple_podle_zemí
Keys loaded for Mosty_podle_měst
Keys loaded for Majáky_podle_zemí
Keys loaded for Letiště_podle_měst
Keys loaded for Písně_podle_interpreta
Keys loaded for Divadelní_hry_podle_autorů
Keys loaded for Televizní_seriály_podle_tvůrců
Keys loaded for Organizace_podle_měst
Keys loaded for Mola_podle_zemí
Keys loaded for Volby_podle_instituce
Keys loaded for Televizní_filmy_podle_let
Keys loaded for Veřejná_akvária_podle_zemí
Keys loaded for Firmy_podle_měst
Keys loaded for Vítězové_podle_sportů
Keys loaded for Mešity_podle_zemí
Keys loaded for Zaniklá_sídla_podle_zemí
Keys loaded for Přehradní_nádrže_podle_zemí
Keys loaded for Argentinští_sportovci_podle_sportů
Keys loaded for Tenis_podle_let
Keys loaded for Hráze_podle_zemí
Keys loaded for Národy_podle_kontinentů
Keys loaded for Obchodní_domy_podle_zemí
Keys loaded for Divadla_podle_měst
Keys loaded for Zaniklé_obce_podle_zemí
Keys loaded for Tanky_podle_typu
Keys loaded for Restaurace_podle_měst
Keys loaded for Policisté_podle_zemí
Keys loaded for Školy_podle_měst
Keys loaded for Terorismus_podle_typu
Keys loaded for Sochy_podle_materiálu
Keys loaded for Závislá_území_podle_kontinentů
Keys loaded for Filmoví_producenti_podle_zemí
Keys loaded for Stavby_podle_materiálu
Keys loaded for Cihlové_stavby_podle_zemí
Keys loaded for Olympijské_hry_podle_zemí
Keys loaded for Kameramani_podle_zemí
Keys loaded for Zaniklé_firmy_podle_měst
Keys loaded for Španělští_sportovci_podle_sportů
Keys loaded for Rozhlasové_stanice_podle_měst
Keys loaded for Sovětští_sportovci_podle_sportů
Keys loaded for Synagogy_podle_zemí
Keys loaded for Zaniklé_organizace_podle_měst
Keys loaded for Paláce_podle_měst
Keys loaded for Sovětské_sportovkyně_podle_sportů
Keys loaded for Lesy_podle_měst
Keys loaded for Dinosauři_podle_kontinentů
Keys loaded for Řečtí_sportovci_podle_sportů
Keys loaded for Cyklistika_podle_zemí
Keys loaded for Arcibiskupové_podle_zemí
Keys loaded for Šachisté_podle_zemí
Keys loaded for Rychlobruslení_podle_let
Keys loaded for Ocelové_stavby_podle_zemí
Keys loaded for Politika_podle_měst
Keys loaded for Ocelové_mosty_podle_zemí
Keys loaded for Hotely_podle_měst
Keys loaded for Kostely_podle_měst
Keys loaded for Sportovní_střelba_podle_let
Keys loaded for Měny_podle_kontinentů
Keys loaded for Války_podle_zemí
Keys loaded for Hřbitovy_podle_měst
Keys loaded for Hřbitovy_podle_zemí
Keys loaded for Bytové_domy_podle_měst
Keys loaded for Házená_podle_let
Keys loaded for Uhelné_elektrárny_podle_zemí
Keys loaded for Biatlon_podle_let
Keys loaded for Stolní_tenis_podle_let
Keys loaded for Maďarští_sportovci_podle_sportů
Keys loaded for Mrakodrapy_podle_měst
Keys loaded for Bankéři_podle_zemí
Keys loaded for Židovské_hřbitovy_podle_zemí
Keys loaded for Sportovní_střelci_podle_zemí
Keys loaded for Zvonice_podle_zemí
Keys loaded for Pozemní_hokej_podle_let
Keys loaded for Povstání_podle_zemí
Keys loaded for Průlivy_podle_kontinentů
Keys loaded for Revoluce_podle_zemí
Keys loaded for Invaze_podle_zemí
Keys loaded for Ostrovy_podle_moří
Keys loaded for Organizace_podle_typu
Keys loaded for Mistři_podle_sportů
Keys loaded for Horské_chaty_podle_zemí
Keys loaded for Řeholníci_podle_zemí
Keys loaded for Šlechtici_podle_zemí
Keys loaded for Sportovci_podle_měst
Keys loaded for Páni_podle_zemí
Keys loaded for Technické_památky_podle_zemí
Keys loaded for Sochařky_podle_země
Keys loaded for Duchovní_podle_zemí
Keys loaded for Soudy_podle_zemí
Keys loaded for Úmrtí_podle_kontinentů
Keys loaded for Ženský_sport_podle_zemí
Keys loaded for Vodní_elektrárny_podle_zemí
Keys loaded for Pivovary_podle_zemí
Keys loaded for Olympijští_medailisté_podle_zemí
Keys loaded for Sport_podle_zaniklých_zemí
Keys loaded for Majáky_podle_moří
Keys loaded for Zálivy_podle_moří
Keys loaded for Zábavní_parky_podle_zemí
Keys loaded for Podzemní_stavby_podle_zemí
Keys loaded for Letecké_společnosti_podle_typu
Keys loaded for Spolky_podle_typu
Keys loaded for Řeholnice_podle_zemí
Keys loaded for Bývalé_obce_podle_zemí
Keys loaded for Lidé_podle_měst
Keys loaded for Údolí_podle_zemí
Keys loaded for Ústavní_právo_podle_zemí
Keys loaded for Ústavy_podle_zemí
Keys loaded for Advokáti_podle_zemí
Keys loaded for Atletika_podle_let
Keys loaded for Mezinárodní_organizace_podle_typu
Keys loaded for Kultura_podle_měst
Keys loaded for Lidé_podle_zemí
Keys loaded for Miliardáři_podle_zemí
Keys loaded for Doly_podle_zemí
Keys loaded for Zločinci_podle_zemí
Keys loaded for Stříbrné_doly_podle_zemí
Keys loaded for Uranové_doly_podle_zemí
Keys loaded for Hudba_podle_měst
Keys loaded for Uhelné_doly_podle_zemí
Keys loaded for Postižení_sportovci_podle_zemí
Keys loaded for Lomy_podle_zemí
Keys loaded for Měděné_doly_podle_zemí
Keys loaded for Stolní_tenis_podle_zemí
Keys loaded for Věže_podle_zemí
Keys loaded for Šikmé_věže_podle_zemí
Keys loaded for Komunikace_podle_typu
Keys loaded for Hodinové_věže_podle_zemí
Keys loaded for Herečky_podle_média
Keys loaded for Olověné_doly_podle_zemí
Keys loaded for Astrologové_podle_zemí
Keys loaded for Rozhodčí_podle_zemí
Keys loaded for Polští_sportovci_podle_sportů
Keys loaded for Teologové_podle_zemí
Keys loaded for Špióni_podle_zemí
Keys loaded for Zaniklé_doly_podle_zemí
Keys loaded for Zlaté_doly_podle_zemí
Keys loaded for Polské_sportovkyně_podle_sportů
Keys loaded for Vojenské_stavby_podle_zemí
Keys loaded for Bitvy_podle_zemí
Keys loaded for Sakrální_stavby_podle_zemí
Keys loaded for Náboženství_podle_měst
Keys loaded for Bitvy_podle_bojiště
Keys loaded for Města_podle_kontinentů
Keys loaded for Námořní_bitvy_podle_zemí
Keys loaded for Hokejoví_trenéři_podle_zemí
Keys loaded for Zaniklé_stavby_podle_zemí
Keys loaded for Trestní_procesy_podle_zemí
Keys loaded for Přístavní_města_podle_moří
Keys loaded for Sportovní_události_podle_zemí
Keys loaded for Písně_podle_zemí
Keys loaded for Kanadští_sportovci_podle_sportů
Keys loaded for Pevnosti_podle_zemí
Keys loaded for Kanadské_sportovkyně_podle_sportů
Keys loaded for Olympijští_vítězové_podle_sportů
Keys loaded for Jezuité_podle_zemí
Keys loaded for Muslimové_podle_zemí
Keys loaded for Jazyky_podle_kontinentů
Keys loaded for Vrazi_podle_zemí
Keys loaded for Buddhisté_podle_zemí
Keys loaded for Pobřeží_podle_moří
Keys loaded for Masoví_vrazi_podle_zemí
Keys loaded for Poloostrovy_podle_moří
Keys loaded for Srbští_sportovci_podle_sportů
Keys loaded for Pedagožky_podle_zemí
Keys loaded for Umění_podle_období
Keys loaded for Písně_podle_let
Keys loaded for Narození_podle_kontinentů
Keys loaded for Tisíciletí_podle_kontinentů
Keys loaded for Stavby_podle_kontinentů
Keys loaded for Soutěže_podle_zemí
Keys loaded for Zaniklé_organizace_podle_zemí
Keys loaded for Umělecké_soutěže_podle_zemí
Keys loaded for Vodní_stavby_podle_zemí
Keys loaded for Opati_podle_zemí
Keys loaded for Sportovní_reprezentace_podle_zemí
Keys loaded for Fauna_podle_kontinentů
Keys loaded for Filmy_podle_typu
Keys loaded for Zaniklé_firmy_podle_zemí
Keys loaded for Ženy_podle_kontinentů
Keys loaded for Dopravní_nehody_podle_typu
Keys loaded for Hrady_podle_zemí
Keys loaded for Bitvy_podle_typu
Keys loaded for Hradiště_podle_zemí
Keys loaded for Kláštery_podle_zemí
Keys loaded for Trestná_činnost_podle_zemí
Keys loaded for Váleční_zločinci_podle_zemí
Keys loaded for Arménští_sportovci_podle_sportů
Keys loaded for Herci_podle_média
Keys loaded for Pedagogové_podle_zemí
Keys loaded for Rybníky_podle_zemí
Keys loaded for Ptáci_podle_oblasti
Keys loaded for Vězni_podle_zemí
Keys loaded for Cestovatelé_podle_zemí
Keys loaded for Pláže_podle_zemí
Keys loaded for Akvadukty_podle_zemí
Keys loaded for Ukrajinští_sportovci_podle_sportů
Keys loaded for Přítoky_podle_řek
Keys loaded for Lyžování_podle_zemí
Keys loaded for Přístavy_podle_zemí
Keys loaded for Alpské_lyžování_podle_zemí
Keys loaded for Ukrajinské_sportovkyně_podle_sportů
Keys loaded for Lucemburští_sportovci_podle_sportů
Keys loaded for Kulturní_události_podle_zemí
Keys loaded for Divadla_podle_zemí
Keys loaded for Národní_divadla_podle_zemí
Keys loaded for Amfiteátry_podle_zemí
Keys loaded for Internet_podle_zemí
Keys loaded for Hudební_skladatelé_podle_zemí
Keys loaded for Přístavy_podle_řek
Keys loaded for Mosty_podle_řek
Keys loaded for Mistryně_podle_sportů
Keys loaded for Fotbalové_události_podle_zemí
Keys loaded for Festivaly_podle_zemí
Keys loaded for Klasické_lyžování_podle_zemí
Keys loaded for Regenti_podle_zemí
Keys loaded for Anarchisté_podle_zemí
Keys loaded for Manažeři_podle_zemí
Keys loaded for Stavby_podle_typu
Keys loaded for Bubeníci_podle_zemí
Keys loaded for Trenéři_podle_sportů
Keys loaded for Biatlon_podle_zemí
Keys loaded for Sportovní_organizace_podle_sportů
Keys loaded for Cyklisté_podle_zemí
Keys loaded for Akrobatické_lyžování_podle_zemí
Keys loaded for Atletické_události_podle_zemí
Keys loaded for Pákistánští_sportovci_podle_sportů
Keys loaded for Školy_podle_zemí
Keys loaded for Kuchyně_podle_zemí
Keys loaded for Konzervatoře_podle_zemí
Keys loaded for Skialpinismus_podle_zemí
Keys loaded for Režisérky_podle_zemí
Keys loaded for Kulturní_památky_podle_zemí
Keys loaded for Jezdci_podle_zemí
Keys loaded for Novináři_podle_zemí
Keys loaded for Hudební_události_podle_zemí
Keys loaded for Ředitelé_podle_zemí
Keys loaded for Žokejové_podle_zemí
Keys loaded for Internetové_stránky_podle_zemí
Keys loaded for Hudební_soutěže_podle_zemí
Keys loaded for Atentátníci_podle_zemí
Keys loaded for Zbraně_podle_zemí
Keys loaded for Sportovní_novináři_podle_zemí
Keys loaded for Brazilští_sportovci_podle_sportů
Keys loaded for Sportovní_kluby_podle_sportů
Keys loaded for Bulharští_sportovci_podle_sportů
Keys loaded for Dělostřelectvo_podle_zemí
Keys loaded for Gymnastika_podle_zemí
Keys loaded for Pozemní_hokej_podle_zemí
Keys loaded for Bulharské_sportovkyně_podle_sportů
Keys loaded for Volby_podle_zemí
Keys loaded for Vzdělávání_podle_zemí
Keys loaded for Referenda_podle_zemí
Keys loaded for Výrobky_podle_zemí
Keys loaded for Lyžaři_podle_zemí
Keys loaded for Hudební_festivaly_podle_zemí
Keys loaded for Sportovní_reprezentace_podle_sportů
Keys loaded for Kulturistika_podle_zemí
Keys loaded for Skeleton_podle_zemí
Keys loaded for Akrobatičtí_lyžaři_podle_zemí
Keys loaded for Opery_podle_jazyka
Keys loaded for Nářečí_podle_jazyka
Keys loaded for Školství_podle_zemí
Keys loaded for Sportovní_soutěže_podle_sportů
Keys loaded for Úředníci_podle_zemí
Keys loaded for Kostely_podle_zemí
Keys loaded for Chráněná_území_podle_zemí
Keys loaded for Výstavy_podle_zemí
Keys loaded for Krasobruslení_podle_zemí
Keys loaded for Terorismus_podle_zemí
Keys loaded for Taekwondo_podle_zemí
Keys loaded for Islámský_terorismus_podle_zemí
Keys loaded for Alba_podle_jazyka
Keys loaded for Sídla_podle_řek
Keys loaded for Veletrhy_podle_zemí
Keys loaded for Literatura_podle_jazyka
Keys loaded for Státní_svátky_podle_zemí
Keys loaded for Panovníci_podle_zemí
Keys loaded for Finští_sportovci_podle_sportů
Keys loaded for Protestantské_kostely_podle_zemí
Keys loaded for Protesty_podle_zemí
Keys loaded for Finské_sportovkyně_podle_sportů
Keys loaded for Sportovní_zařízení_podle_zemí
Keys loaded for Přístavní_města_podle_oceánů
Keys loaded for Ozbrojené_síly_podle_zemí
Keys loaded for Slovenská_kultura_podle_měst
Keys loaded for Revolucionáři_podle_zemí
Keys loaded for Alpští_lyžaři_podle_zemí
Keys loaded for Biatlonisté_podle_zemí
Keys loaded for Nepokoje_podle_zemí
Keys loaded for Zálivy_podle_oceánů
Keys loaded for Římskokatolické_kostely_podle_zemí
Keys loaded for Zápas_podle_zemí
Keys loaded for Badminton_podle_zemí
Keys loaded for Slovenská_kultura_podle_krajů
Keys loaded for Francouzští_sportovci_podle_sportů
Keys loaded for Křesťané_podle_zemí
Keys loaded for Archeologie_podle_zemí
Keys loaded for Rychlobruslení_podle_zemí
Keys loaded for Sportovkyně_podle_zemí
Keys loaded for Mistrovství_podle_sportů
Keys loaded for Chrámy_podle_zemí
Keys loaded for Stadiony_podle_zemí
Keys loaded for Francouzské_sportovkyně_podle_sportů
Keys loaded for Přístavní_města_podle_zemí
Keys loaded for Buddhistické_chrámy_podle_zemí
Keys loaded for Hokejové_stadiony_podle_zemí
Keys loaded for Pravoslavné_chrámy_podle_zemí
Keys loaded for Časopisy_podle_jazyka
Keys loaded for Moře_podle_oceánu
Keys loaded for Oblasti_podle_zemí
Keys loaded for Vévodové_podle_zemí
Keys loaded for Písně_podle_jazyka
Keys loaded for Průlivy_podle_oceánů
Keys loaded for Lingvisté_podle_jazyka
Keys loaded for Podnikatelé_podle_zemí
Keys loaded for Encyklopedie_podle_zemí
Keys loaded for Kanibalové_podle_zemí
Keys loaded for Přítoky_podle_oceánů
Keys loaded for Závodní_okruhy_podle_zemí
Keys loaded for Kytaristé_podle_zemí
Keys loaded for Vysoké_školy_podle_zemí
Keys loaded for Mistryně_podle_zemí
Keys loaded for Obrazy_podle_malíře
Keys loaded for Politika_podle_let
Keys loaded for Mezinárodní_vztahy_podle_let
Keys loaded for Olympijští_medailisté_podle_sportů
Keys loaded for Souostroví_podle_oceánů
Keys loaded for Mexičtí_sportovci_podle_sportů
Keys loaded for Události_podle_zemí
Keys loaded for Univerzitní_sport_podle_zemí
Keys loaded for Tenoristé_podle_zemí
Keys loaded for Skladby_podle_autorů
Keys loaded for Písně_podle_autorů
Keys loaded for Základní_školy_podle_zemí
Keys loaded for Zdravotnická_zařízení_podle_zemí
Keys loaded for Političky_podle_zemí
Keys loaded for Aktivistky_podle_zemí
Keys loaded for Katedrály_podle_zemí
Keys loaded for Lední_hokej_podle_zemí
Keys loaded for Profesoři_podle_zemí
Keys loaded for Šermíři_podle_zemí
Keys loaded for Opery_podle_skladatelů
Keys loaded for Kuchařky_podle_zemí
Keys loaded for Vysílače_podle_zemí
Keys loaded for Stavby_podle_autorů
Keys loaded for Archeologické_lokality_podle_zemí
Keys loaded for Britští_sportovci_podle_sportů
Keys loaded for Etnické_skupiny_podle_zemí
Keys loaded for Lázně_podle_zemí
Keys loaded for Archeologické_nálezy_podle_zemí
Keys loaded for Lékaři_podle_zemí
Keys loaded for Lázeňské_parky_podle_zemí
Keys loaded for Ragbisté_podle_zemí
Keys loaded for Oftalmologové_podle_zemí
Keys loaded for Televizní_seriály_podle_tématu
Keys loaded for Box_podle_zemí
Keys loaded for Filmy_podle_režisérek
Keys loaded for Boxeři_podle_zemí
Keys loaded for Umělkyně_podle_zemí
Keys loaded for Ostrovy_podle_oceánů
Keys loaded for Přístavy_podle_oceánů
Keys loaded for Čeští_sportovci_podle_sportů
Keys loaded for Průmyslové_stavby_podle_zemí
Keys loaded for Národní_parky_podle_zemí
Keys loaded for Chirurgové_podle_zemí
Keys loaded for Lékařky_podle_zemí
Keys loaded for Hrobky_podle_zemí
Keys loaded for Mohyly_podle_zemí
Keys loaded for Elektrárny_podle_zemí
Keys loaded for Výtvarníci_podle_zemí
Keys loaded for Větrné_elektrárny_podle_zemí
Keys loaded for Televizní_stanice_podle_tématu
Keys loaded for Zoologové_podle_zemí
Keys loaded for Mediální_firmy_podle_zemí
Keys loaded for Psychiatři_podle_zemí
Keys loaded for Endokrinologové_podle_zemí
Keys loaded for Patologové_podle_zemí
Keys loaded for Katastrofy_podle_zemí
Keys loaded for Internetové_firmy_podle_zemí
Keys loaded for Přírodní_rezervace_podle_zemí
Keys loaded for Důlní_neštěstí_podle_zemí
Keys loaded for Banky_podle_zemí
Keys loaded for Zemětřesení_podle_zemí
Keys loaded for Požáry_podle_zemí
Keys loaded for Starostové_podle_zemí
Keys loaded for Policie_podle_zemí
Keys loaded for Časopisy_podle_tématu
Keys loaded for Klavíristé_podle_zemí
Keys loaded for Inženýři_podle_zemí
Keys loaded for Lidé_podle_zaměstnavatelů
Keys loaded for Entomologové_podle_zemí
Keys loaded for Švédští_sportovci_podle_sportů
Keys loaded for Muzea_podle_zaměření
Keys loaded for Dopravní_nehody_podle_zemí
Keys loaded for Mikrobiologové_podle_zemí
Keys loaded for Švédské_sportovkyně_podle_sportů
Keys loaded for Fiktivní_postavy_podle_povolání
Keys loaded for Egyptští_sportovci_podle_sportů
Keys loaded for Paláce_podle_zemí
Keys loaded for Svatí_podle_zemí
Keys loaded for Sportovní_funkcionáři_podle_zemí
Keys loaded for Zdravotnictví_podle_zemí
Keys loaded for Sportovní_soutěže_podle_zemí
Keys loaded for Zdravotní_sestry_podle_zemí
Keys loaded for Lední_hokejisté_podle_zemí
Keys loaded for Atleti_podle_zemí
Keys loaded for Volejbalisté_podle_zemí
Keys loaded for Stolní_tenisté_podle_zemí
Keys loaded for Jugoslávští_sportovci_podle_sportů
Keys loaded for Producenti_podle_zemí
Keys loaded for Galerie_podle_zemí
Keys loaded for Italští_sportovci_podle_sportů
Keys loaded for Filmy_podle_českých_režisérů
Keys loaded for Tenis_podle_zemí
Keys loaded for Kosmonauti_podle_zemí
Keys loaded for Dostihový_sport_podle_zemí
Keys loaded for Aktivisté_podle_zemí
Keys loaded for Generálové_podle_zemí
Keys loaded for Misionáři_podle_zemí
Keys loaded for Jaderné_elektrárny_podle_zemí
Keys loaded for Portugalští_sportovci_podle_sportů
Keys loaded for Vědci_podle_zemí
Keys loaded for Americký_fotbal_podle_zemí
Keys loaded for Obytné_stavby_podle_zemí
Keys loaded for Ruští_sportovci_podle_sportů
Keys loaded for Polská_kultura_podle_měst
Keys loaded for Vily_podle_zemí
Keys loaded for České_sportovkyně_podle_sportů
Keys loaded for Plavci_podle_zemí
Keys loaded for Triatlonisté_podle_zemí
Keys loaded for Programátoři_podle_zemí
Keys loaded for Viceprezidenti_podle_zemí
Keys loaded for Papežové_podle_zemí
Keys loaded for Judistky_podle_zemí
Keys loaded for Orientační_běžkyně_podle_zemí
Keys loaded for Scenáristé_podle_zemí
Keys loaded for Moderní_gymnastky_podle_zemí
Keys loaded for Skauti_podle_zemí
Keys loaded for Italské_sportovkyně_podle_sportů
Keys loaded for Německá_politika_podle_spolkových_zemí
Keys loaded for Sportovní_lezci_podle_zemí
Keys loaded for Kuchaři_podle_zemí
Keys loaded for Čínští_sportovci_podle_sportů
Keys loaded for Italská_kultura_podle_měst
Keys loaded for Právníci_podle_zemí
Keys loaded for Hudební_alba_podle_interpretů
Keys loaded for Knihovníci_podle_zemí
Keys loaded for Krasobruslařky_podle_zemí
Keys loaded for Německá_kultura_podle_spolkových_zemí
Keys loaded for Tenisové_turnaje_podle_zemí
Keys loaded for Nizozemští_sportovci_podle_sportů
Keys loaded for Německá_kultura_podle_měst
Keys loaded for Hotely_podle_zemí
Keys loaded for Literární_díla_podle_spisovatelů
Keys loaded for Ruské_sportovkyně_podle_sportů
Keys loaded for Plavkyně_podle_zemí
Keys loaded for Koncertní_alba_podle_interpretů
Keys loaded for Nizozemské_sportovkyně_podle_sportů
Keys loaded for Mlýny_podle_zemí
Keys loaded for Atletky_podle_zemí
Keys loaded for Větrné_mlýny_podle_zemí
Keys loaded for Úmrtí_podle_zemí
Keys loaded for Automobily_podle_značky
Keys loaded for Cyklistické_závody_podle_zemí
Keys loaded for Bilaterální_vztahy_podle_zemí
Keys loaded for Mrakodrapy_podle_zemí
Keys loaded for Publicisté_podle_zemí
Keys loaded for Autobusy_podle_značky
Keys loaded for Hudební_alba_podle_zemí
Keys loaded for Norští_sportovci_podle_sportů
Keys loaded for Geologie_podle_zemí
Keys loaded for Zámky_podle_zemí
Keys loaded for Chorvatští_sportovci_podle_sportů
Keys loaded for Evropská_kultura_podle_zemí
Keys loaded for Věznice_podle_zemí
Keys loaded for Slavná_zvířata_podle_zemí
Keys loaded for Dirigenti_podle_zemí
Keys loaded for Ledovce_podle_zemí
Keys loaded for Buddhistické_kláštery_podle_zemí
Keys loaded for Horolezci_podle_zemí
Keys loaded for Dinosauři_podle_zemí
Keys loaded for Japonští_sportovci_podle_sportů
Keys loaded for Zápasníci_podle_zemí
Keys loaded for Belgičtí_sportovci_podle_sportů
Keys loaded for Energetické_firmy_podle_zemí
Keys loaded for Daně_podle_zemí
Keys loaded for Fotbalové_soutěže_podle_zemí
Keys loaded for Automobiloví_závodníci_podle_zemí
Keys loaded for Architekti_podle_zemí
Keys loaded for Evropská_architektura_podle_zemí
Keys loaded for Českoslovenští_sportovci_podle_sportů
Keys loaded for Ministři_podle_zemí
Keys loaded for Kubánští_sportovci_podle_sportů
Keys loaded for Matematici_podle_zemí
Keys loaded for Sběratelé_podle_zemí
Keys loaded for Filmy_podle_žánru
Keys loaded for Australští_sportovci_podle_sportů
Keys loaded for Povodí_podle_zemí
Keys loaded for Nakladatelé_podle_zemí
Keys loaded for Sebevraždy_podle_zemí
Keys loaded for Sérioví_vrazi_podle_zemí
Keys loaded for Vojenské_základny_podle_zemí
Keys loaded for Antropologové_podle_zemí
Keys loaded for Australské_sportovkyně_podle_sportů
Keys loaded for Antropoložky_podle_zemí
Keys loaded for Indičtí_sportovci_podle_sportů
Keys loaded for Švýcarská_kultura_podle_kantonů
Keys loaded for Videohry_podle_žánru
Keys loaded for Filozofové_podle_zemí
Keys loaded for Doprava_podle_let
Keys loaded for Tenisté_podle_zemí
Keys loaded for Ázerbájdžánští_sportovci_podle_sportů
Keys loaded for Hudební_alba_podle_žánrů
Keys loaded for Litevští_sportovci_podle_sportů
Keys loaded for Fotbalistky_podle_zemí
Keys loaded for Američtí_sportovci_podle_sportů
Keys loaded for Rytci_podle_zemí
Keys loaded for Lyžařky_podle_zemí
Keys loaded for Švýcarští_sportovci_podle_sportů
Keys loaded for Pravěk_podle_zemí
Keys loaded for Těžba_podle_zemí
Keys loaded for Filantropové_podle_zemí
Keys loaded for Nemocnice_podle_zemí
Keys loaded for Státní_zástupci_podle_zemí
Keys loaded for Statistici_podle_zemí
Keys loaded for Mistři_podle_zemí
Keys loaded for Písně_podle_žánrů
Keys loaded for Ekonomika_podle_zemí
Keys loaded for Lingvisté_podle_zemí
Keys loaded for Radnice_podle_zemí
Keys loaded for Obelisky_podle_zemí
Keys loaded for Americké_sportovkyně_podle_sportů
Keys loaded for Němečtí_sportovci_podle_sportů
Keys loaded for Německé_sportovkyně_podle_sportů
Keys loaded for Divadelní_herečky_podle_zemí
Keys loaded for Restaurace_podle_zemí
Keys loaded for Ledovcová_jezera_podle_zemí
Keys loaded for Náboženství_podle_zemí
Keys loaded for Překladatelé_podle_zemí
Keys loaded for Biatlonistky_podle_zemí
Keys loaded for Basketbalistky_podle_zemí
Keys loaded for Slavisté_podle_zemí
Keys loaded for Webové_seriály_podle_zemí
Keys loaded for Judisté_podle_zemí
Keys loaded for Zvony_podle_zemí
Keys loaded for Rusisté_podle_zemí
Keys loaded for Zpěváci_podle_žánrů
Keys loaded for Jazyky_podle_zemí
Keys loaded for Události_podle_měst
Keys loaded for Gymnasté_podle_zemí
Keys loaded for Bobisté_podle_zemí
Keys loaded for Silniční_doprava_podle_zemí
Keys loaded for Zpěvačky_podle_žánrů
Keys loaded for Rychlobruslařky_podle_zemí
Keys loaded for Buddhismus_podle_zemí
Keys loaded for Autobusová_doprava_podle_zemí
Keys loaded for Časopisy_podle_zemí
Keys loaded for Chemici_podle_zemí
Keys loaded for Hudebníci_podle_žánru
Keys loaded for Bubeníci_podle_žánru
Keys loaded for Obce_podle_zemí
Keys loaded for Geologové_podle_zemí
Keys loaded for Dramatické_filmy_podle_zemí
Keys loaded for Slovenští_sportovci_podle_sportů
Keys loaded for Sportovní_události_podle_měst
Keys loaded for Výstavy_podle_měst
Keys loaded for Ocelové_rozhledny_podle_zemí
Keys loaded for Vodní_doprava_podle_zemí
Keys loaded for Klavíristé_podle_žánru
Keys loaded for Veletrhy_podle_měst
Keys loaded for Sportovní_lezkyně_podle_zemí
Keys loaded for Historické_filmy_podle_zemí
Keys loaded for Vynálezci_podle_zemí
Keys loaded for Kříže_podle_zemí
Keys loaded for Veřejná_prostranství_podle_zemí
Keys loaded for Islám_podle_zemí
Keys loaded for Paleontologové_podle_zemí
Keys loaded for Dřevěné_stavby_podle_zemí
Keys loaded for Etnologové_podle_zemí
Keys loaded for Muzea_podle_měst
Keys loaded for Galerie_podle_měst
Keys loaded for Politické_strany_podle_zemí
Keys loaded for Kytaristé_podle_žánru
Keys loaded for Parky_podle_zemí
Keys loaded for Komunistické_strany_podle_zemí
Keys loaded for Konopí_podle_zemí
Keys loaded for Dřevěné_rozhledny_podle_zemí
Keys loaded for Judaismus_podle_zemí
Keys loaded for Válečné_filmy_podle_zemí
Keys loaded for Ministerstva_podle_zemí
Keys loaded for Pohoří_podle_zemí
Keys loaded for Noviny_podle_zemí
Keys loaded for Prezidenti_podle_zemí
Keys loaded for Filmové_muzikály_podle_zemí
Keys loaded for Veterináři_podle_zemí
Keys loaded for Narození_podle_zemí
Keys loaded for Lesy_podle_zemí
Keys loaded for Hudební_skupiny_podle_žánru
Keys loaded for Dobrodružné_filmy_podle_zemí
Keys loaded for Betonové_stavby_podle_zemí
Keys loaded for Asijská_kultura_podle_zemí
Keys loaded for Nákladní_automobily_podle_značky
Keys loaded for Betonové_rozhledny_podle_zemí
Keys loaded for Sportovní_organizace_podle_zemí
Keys loaded for Motocykly_podle_značek
Keys loaded for Betonové_mosty_podle_zemí
Keys loaded for Holokaust_podle_zemí
Keys loaded for Kamenné_stavby_podle_zemí
Keys loaded for Zemědělství_podle_zemí
Keys loaded for Tenistky_podle_zemí
Keys loaded for Kamenné_mosty_podle_zemí
Keys loaded for Sportovní_ligy_podle_zemí
Keys loaded for Vraždy_podle_zemí
Keys loaded for Mosty_podle_materiálu
Keys loaded for Technika_podle_oboru
Keys loaded for Zahrady_podle_zemí
Keys loaded for Bezpečnost_podle_oboru
Keys loaded for Letadla_podle_výrobce
Keys loaded for Podnikatelé_podle_oboru
Keys loaded for Spolky_podle_zemí
Keys loaded for Anarchistické_organizace_podle_zemí
Keys loaded for Mobilní_telefony_podle_výrobce
Keys loaded for Filmy_podle_studií
Keys loaded for Vědci_podle_oboru
Keys loaded for Televizní_seriály_podle_žánru
Keys loaded for Astronomové_podle_zemí
Keys loaded for Tisícovky_podle_zemí
Keys loaded for Software_podle_firem
Keys loaded for Století_podle_kontinentů
Keys loaded for Nížiny_podle_zemí
Keys loaded for Kulturní_zařízení_podle_zemí
Keys loaded for Literární_díla_podle_žánru
Keys loaded for Archivy_podle_zemí
Keys loaded for Animované_filmy_podle_zemí
Keys loaded for Římští_katolíci_podle_zemí
Keys loaded for Sport_podle_závislých_území
Keys loaded for Botanické_zahrady_podle_zemí
Keys loaded for Televize_podle_zemí
Keys loaded for Judo_podle_zemí
Keys loaded for Letecká_esa_podle_zemí
Keys loaded for Rodinné_filmy_podle_zemí
Keys loaded for Malíři_podle_zemí
Keys loaded for Esperanto_podle_zemí
Keys loaded for Premiéři_podle_zemí
Keys loaded for Saně_podle_zemí
Keys loaded for Výzkumné_ústavy_podle_zemí
Keys loaded for Lodě_podle_zemí
Keys loaded for Boby_podle_zemí
Keys loaded for Památky_podle_zemí
Keys loaded for Spisovatelé_podle_žánrů
Keys loaded for Geologické_lokality_podle_zemí
Keys loaded for Průlivy_podle_zemí
Keys loaded for Televizní_pořady_podle_žánru
Keys loaded for Romantické_filmy_podle_zemí
Keys loaded for Skalní_útvary_podle_zemí
Keys loaded for Vlády_podle_zemí
Keys loaded for Mezinárodní_smlouvy_podle_stran
Keys loaded for Mírové_smlouvy_podle_stran
Keys loaded for Povodně_podle_zemí
Keys loaded for Historikové_podle_zemí
Keys loaded for Televizní_stanice_podle_zemí
Keys loaded for Turistika_podle_zemí
Keys loaded for Archiváři_podle_zemí
Keys loaded for Státní_hranice_podle_zemí
Keys loaded for Fantastické_filmy_podle_zemí
Keys loaded for Družstva_podle_zemí
Keys loaded for Rasismus_podle_zemí
Keys loaded for Sportovní_kluby_podle_zemí
Keys loaded for Filmové_festivaly_podle_zemí
Keys loaded for Ponorky_podle_zemí
Keys loaded for Literární_historikové_podle_zemí
Keys loaded for Fyzici_podle_zemí
Keys loaded for Jaderní_fyzici_podle_zemí
Keys loaded for Turistické_zajímavosti_podle_zemí
Keys loaded for Antisemitismus_podle_zemí
Keys loaded for Basketbal_podle_zemí
Keys loaded for Golf_podle_zemí
Keys loaded for Kultura_podle_zemí
Keys loaded for Baseball_podle_zemí
Keys loaded for Lidé_podle_činnosti
Keys loaded for Vodopády_podle_zemí
Keys loaded for Ženy_podle_činnosti
Keys loaded for Klasičtí_archeologové_podle_zemí
Keys loaded for Filmy_podle_zemí
Keys loaded for Zříceniny_podle_zemí
Keys loaded for Kultura_podle_regionů
Keys loaded for Palné_zbraně_podle_zemí
Keys loaded for Meteorologové_podle_zemí
Keys loaded for Kulomety_podle_zemí
Keys loaded for Fotbalové_kluby_podle_zemí
Keys loaded for Muzea_podle_zemí
Keys loaded for Paleontologie_podle_zemí
Keys loaded for Křesťanství_podle_zemí
Keys loaded for Přírodní_památky_podle_zemí
Keys loaded for Kosmické_sondy_podle_zemí
Keys loaded for Gymnázia_podle_zemí
Keys loaded for Házená_podle_zemí
Keys loaded for Technická_muzea_podle_zemí
Keys loaded for Potoky_podle_zemí
Keys loaded for Vojenská_muzea_podle_zemí
Keys loaded for Divadelní_herci_podle_zemí
Keys loaded for Pušky_podle_zemí
Keys loaded for Soudci_podle_zemí
Keys loaded for Doprava_podle_měst
Keys loaded for Kultura_podle_kontinentů
Keys loaded for Biologové_podle_zemí
Keys loaded for Feministky_podle_zemí
Keys loaded for Sufražetky_podle_zemí
Keys loaded for Knihovny_podle_zemí
Keys loaded for Ekonomové_podle_zemí
Keys loaded for Státní_symboly_podle_zemí
Keys loaded for Genetikové_podle_zemí
Keys loaded for Evoluční_biologové_podle_zemí
Keys loaded for Ateisté_podle_národnosti
Keys loaded for Dokumentární_filmy_podle_zemí
Keys loaded for Molekulární_biologové_podle_zemí
Keys loaded for Fotbal_podle_zemí
Keys loaded for Autobusová_doprava_podle_měst
Keys loaded for Vesnice_podle_zemí
Keys loaded for Mykologové_podle_zemí
Keys loaded for Životní_prostředí_podle_zemí
Keys loaded for Železniční_doprava_podle_měst
Keys loaded for Fotbalisté_podle_zemí
Keys loaded for Televizní_pořady_podle_zemí
Keys loaded for Šlechta_podle_zemí
Keys loaded for Železniční_stanice_podle_měst
Keys loaded for Události_podle_let
Keys loaded for Marxisté_podle_národnosti
Keys loaded for Atletika_podle_zemí
Keys loaded for Televizní_filmy_podle_zemí
Keys loaded for Dopravní_stavby_podle_zemí
Keys loaded for Sport_podle_let
Keys loaded for Televizní_soutěže_podle_zemí
Keys loaded for Vodní_sporty_podle_zemí
Keys loaded for Náboženství_podle_kontinentů
Keys loaded for Kraje_podle_zemí
Keys loaded for Křesťanství_podle_kontinentů
Keys loaded for Fotografie_podle_kontinentů
Keys loaded for Ohrožené_lokality_podle_zemí
Keys loaded for Televizní_seriály_podle_zemí
Keys loaded for Filmy_podle_švédských_režisérů
Keys loaded for Literatura_podle_zemí
Keys loaded for Filmy_podle_dánských_režisérů
Keys loaded for Příroda_podle_zemí
Keys loaded for Českoslovenští_politici_podle_národnosti
Keys loaded for Lékaři_podle_národnosti
Keys loaded for Sochaři_podle_zemí
Keys loaded for Římskokatolická_církev_podle_zemí
Keys loaded for Botanici_podle_zemí
Keys loaded for Psychologové_podle_zemí
Keys loaded for Sexuologové_podle_zemí
Keys loaded for Historická_území_podle_zemí
Keys loaded for Hudební_ceny_podle_zemí
Keys loaded for Anatomové_podle_zemí
Keys loaded for Filmy_podle_britských_režisérů
Keys loaded for Filmy_podle_nizozemských_režisérů
Keys loaded for Vědci_podle_národnosti
Keys loaded for Filmy_podle_slovenských_režisérů
Keys loaded for Matematici_podle_národnosti
Keys loaded for Filmy_podle_španělských_režisérů
Keys loaded for Překladatelé_podle_národnosti
Keys loaded for Sport_podle_kontinentů
Keys loaded for Filmy_podle_německých_režisérů
Keys loaded for Konflikty_podle_let
Keys loaded for Archeologové_podle_zemí
Keys loaded for Ekonomie_podle_oboru
Keys loaded for Politici_podle_zemí
Keys loaded for Jeskyně_podle_zemí
Keys loaded for Umělci_podle_národnosti
Keys loaded for Filmy_podle_australských_režisérů
Keys loaded for Dopravní_firmy_podle_zemí
Keys loaded for Filmy_podle_ruských_režisérů
Keys loaded for Filmy_podle_rakouských_režisérů
Keys loaded for Lední_hokej_podle_měst
Keys loaded for Filmy_podle_kanadských_režisérů
Keys loaded for Filmy_podle_čínských_režisérů
Keys loaded for Filmy_podle_novozélandských_režisérů
Keys loaded for Filmy_podle_irských_režisérů
Keys loaded for Veřejná_správa_podle_zemí
Keys loaded for Dopravní_nehody_podle_let
Keys loaded for Mramorové_sochy_podle_zemí
Keys loaded for Komunisté_podle_národnosti
Keys loaded for Malá_kopaná_podle_zemí
Keys loaded for Fotbalové_reprezentace_podle_zemí
Keys loaded for Mosty_podle_zemí
Keys loaded for Vápencové_sochy_podle_zemí
Keys loaded for Fotbal_podle_měst
Keys loaded for Sportovní_organizace_podle_měst
Keys loaded for Plavání_podle_zemí
Keys loaded for Kriminální_filmy_podle_zemí
Keys loaded for Žulové_sochy_podle_zemí
Keys loaded for Dřevěné_sochy_podle_zemí
Keys loaded for Vodní_pólo_podle_zemí
Keys loaded for Sportovní_kluby_podle_měst
Keys loaded for Opera_podle_zemí
Keys loaded for Triatlon_podle_zemí
Keys loaded for Modelky_podle_zemí
Keys loaded for Varhanáři_podle_zemí
Keys loaded for Spisovatelé_podle_národnosti
Keys loaded for Ocelové_sochy_podle_zemí
Keys loaded for Technologie_podle_oboru
Keys loaded for Měděné_sochy_podle_zemí
Keys loaded for Právníci_podle_národnosti
Keys loaded for Zápas_podle_let
Keys loaded for Básníci_podle_národnosti
Keys loaded for Zpěváci_podle_národnosti
Keys loaded for Historikové_podle_národnosti
Keys loaded for Lávky_podle_zemí
Keys loaded for Výtvarníci_podle_národnosti
Keys loaded for Cestovatelé_podle_národnosti
Keys loaded for Filmy_podle_francouzských_režisérů
Keys loaded for Ekonomika_podle_zaniklých_zemí
Keys loaded for Bronzové_sochy_podle_zemí
Keys loaded for Průkopníci_podle_oboru
Keys loaded for Umění_podle_tématu
Keys loaded for Herci_podle_národnosti
Keys loaded for Hudebníci_podle_národnosti
Keys loaded for Dvojčata_podle_národnosti
Keys loaded for Podnikatelé_podle_národnosti
Keys loaded for Elektroničtí_hudebníci_podle_národnosti
Keys loaded for Literatura_podle_národností
Keys loaded for Veslaři_podle_zemí
Keys loaded for Mokřady_podle_zemí
Keys loaded for Duchovní_podle_národnosti
Keys loaded for Rodiny_podle_národnosti
Keys loaded for Akční_filmy_podle_zemí
Keys loaded for Hudební_skladatelé_podle_národnosti
Keys loaded for Tunely_podle_zemí
Keys loaded for Hraniční_přechody_podle_zemí
Keys loaded for Trenéři_podle_zemí
Keys loaded for Mysy_podle_zemí
Keys loaded for Ulice_podle_zemí
Keys loaded for Tratě_podle_zemí
Keys loaded for Rychlostní_silnice_podle_zemí
Keys loaded for Farmaceuti_podle_zemí
Keys loaded for Doprava_podle_kontinentů
Keys loaded for Sportovní_střelba_podle_zemí
Keys loaded for Hudba_podle_národů
Keys loaded for Letectví_podle_kontinentů
Keys loaded for Náměstí_podle_zemí
Keys loaded for Monarchie_podle_zemí
Keys loaded for Fotbalové_kluby_podle_měst
Keys loaded for Filmy_podle_italských_režisérů
Keys loaded for Letecké_společnosti_podle_kontinentů
Keys loaded for Lidská_práva_podle_zemí
Keys loaded for Cenzura_podle_zemí
Keys loaded for Moderátoři_podle_zemí
Keys loaded for Kosmonauti_podle_národnosti
Keys loaded for Katastrofy_podle_let
Keys loaded for Zpěvačky_podle_národnosti
Keys loaded for Malá_kopaná_podle_let
Keys loaded for Teologové_podle_národnosti
Keys loaded for Novináři_podle_národnosti
Keys loaded for Novinářky_podle_zemí
Keys loaded for Politici_podle_národnosti
Keys loaded for Poloostrovy_podle_zemí
Keys loaded for Vodní_sporty_podle_let
Keys loaded for Letiště_podle_kontinentů
Keys loaded for Filmy_podle_amerických_režisérů
Keys loaded for Automobilky_podle_zemí
Keys loaded for Filmy_podle_tématu
Keys loaded for Letecké_nehody_podle_let
Keys loaded for Zoologické_zahrady_podle_zemí
Keys loaded for Saně_podle_let
Keys loaded for Šachy_podle_zemí
Keys loaded for Železniční_nehody_podle_let
Keys loaded for Tanečníci_podle_zemí
Keys loaded for Organizace_podle_zemí
Keys loaded for Odborové_organizace_podle_zemí
Keys loaded for Zpravodajské_služby_podle_zemí
Keys loaded for Vzducholodě_podle_zemí
Keys loaded for Lyžování_podle_let
Keys loaded for Orientační_běh_podle_let
Keys loaded for Brutalismus_podle_zemí
Keys loaded for Silnice_podle_zemí
Keys loaded for Psí_sporty_podle_let
Keys loaded for Cyklistika_podle_let
Keys loaded for Boby_podle_let
Keys loaded for Curling_podle_let
Keys loaded for Firmy_podle_zemí
Keys loaded for Softwarové_firmy_podle_zemí
Keys loaded for Chemické_firmy_podle_zemí
Keys loaded for Evropští_podnikatelé_podle_zemí
Keys loaded for Gymnastika_podle_let
Keys loaded for Železniční_tratě_podle_zemí
Keys loaded for Baseball_podle_let
Keys loaded for Teroristické_útoky_podle_zemí
Keys loaded for Vojenské_letectví_podle_zemí
Keys loaded for Letecké_bitvy_podle_zemí
Keys loaded for Tanky_podle_období
Keys loaded for Život_podle_geologického_období
Keys loaded for Filmové_komedie_podle_zemí
Keys loaded for Hudba_podle_zemí
Keys loaded for Umění_podle_náboženství
Keys loaded for Silniční_mosty_podle_zemí
Keys loaded for Hudební_organizace_podle_zemí
Keys loaded for Alpské_lyžování_podle_let
Keys loaded for Stavby_podle_zemí
Keys loaded for Umění_podle_typu
Keys loaded for Teroristické_útoky_podle_let
Keys loaded for Tanečnice_podle_zemí
Keys loaded for Klasické_lyžování_podle_let
Keys loaded for Plavání_podle_let
Keys loaded for Akrobatické_lyžování_podle_let
Keys loaded for Triatlon_podle_let
Keys loaded for Železniční_stanice_podle_zemí
Keys loaded for Umění_podle_zemí
Keys loaded for Společnost_podle_zemí
Keys loaded for Válečné_lodě_podle_zemí
Keys loaded for Automobily_podle_zemí
Keys loaded for Zemětřesení_podle_let
Keys loaded for Provincie_podle_zemí
Keys loaded for Režiséři_podle_zemí
Keys loaded for Umělci_podle_období
Keys loaded for Basketbal_podle_let
Keys loaded for Požáry_podle_let
Keys loaded for Filmoví_režiséři_podle_zemí
Keys loaded for Sochaři_podle_období
Keys loaded for Referenda_podle_let
Keys loaded for Česká_kultura_podle_měst
Keys loaded for Pouště_podle_zemí
Keys loaded for Skalní_jehly_podle_zemí
Keys loaded for Letadlové_lodě_podle_zemí
Keys loaded for Zálivy_podle_zemí
Keys loaded for Divadelní_režiséři_podle_zemí
Keys loaded for Operní_režiséři_podle_zemí
Keys loaded for Laguny_podle_zemí
Keys loaded for Soutěsky_podle_zemí
Keys loaded for Okresy_podle_zemí
Keys loaded for Vojenská_letadla_podle_zemí
Keys loaded for Nakladatelství_podle_zemí
Keys loaded for Pobřeží_podle_zemí
Keys loaded for Letecké_nehody_podle_zemí
Keys loaded for Malíři_podle_období
Keys loaded for Fotbaloví_trenéři_podle_zemí
Keys loaded for Klasicistní_stavby_podle_zemí
Keys loaded for Sídla_podle_zemí
Keys loaded for Výtvarné_umění_podle_zemí
Keys loaded for Parní_lokomotivy_podle_zemí
Keys loaded for Turistické_trasy_podle_zemí
Keys loaded for Videohry_podle_zemí
Keys loaded for Válečné_zločiny_podle_zemí
Keys loaded for Motorové_lokomotivy_podle_zemí
Keys loaded for Elektrické_jednotky_podle_zemí
Keys loaded for Bitvy_podle_let
Keys loaded for Elektrické_lokomotivy_podle_zemí
Keys loaded for Železniční_nehody_podle_zemí
Keys loaded for Sdělovací_prostředky_podle_zemí
Keys loaded for Rozhlas_podle_zemí
Keys loaded for Bojová_vozidla_podle_zemí
Keys loaded for Železniční_mosty_podle_zemí
Keys loaded for Hudební_skupiny_podle_národnosti
Keys loaded for Barokní_stavby_podle_zemí
Keys loaded for Souostroví_podle_zemí
Keys loaded for Box_podle_let
Keys loaded for Divadlo_podle_zemí
Keys loaded for Fotografie_podle_zemí
Keys loaded for Pozemní_komunikace_podle_zemí
Keys loaded for Rozhlasové_stanice_podle_zemí
Keys loaded for Atoly_podle_zemí
Keys loaded for Propaganda_podle_zemí
Keys loaded for Náhorní_plošiny_podle_zemí
Keys loaded for Renesanční_stavby_podle_zemí
Keys loaded for Geografie_podle_měst
Keys loaded for Šlechtické_rody_podle_národnosti
Keys loaded for Spisovatelé_podle_zemí
Keys loaded for Dálnice_podle_zemí
Keys loaded for Geografie_podle_kontinentů
Keys loaded for Vodní_stavby_podle_měst
Keys loaded for Secesní_stavby_podle_zemí
Keys loaded for Spisovatelky_podle_zemí
Keys loaded for Tanky_podle_zemí
Keys loaded for Kronikáři_podle_zemí
Keys loaded for Češi_podle_etnického_původu
Keys loaded for Gotické_stavby_podle_zemí
Keys loaded for Norové_podle_etnického_původu
Keys loaded for Sochy_podle_zemí
Keys loaded for Runové_kameny_podle_zemí
Keys loaded for Jezera_podle_zemí
Keys loaded for Betonové_sochy_podle_zemí
Keys loaded for Busty_podle_zemí
Keys loaded for Sport_podle_zemí
Keys loaded for Televizní_pořady_podle_let
Keys loaded for Letecké_společnosti_podle_zemí
Keys loaded for Města_podle_zemí
Keys loaded for Letečtí_výrobci_podle_zemí
Keys loaded for Letectví_podle_zemí
Keys loaded for Bývalá_města_podle_zemí
Keys loaded for Gotické_kostely_podle_zemí
Keys loaded for Pošta_podle_zemí
Keys loaded for Letecké_motory_podle_zemí
Keys loaded for Kinematografie_podle_zemí
Keys loaded for Univerzitní_města_podle_zemí
Keys loaded for Románské_stavby_podle_zemí
Keys loaded for Ostrovy_podle_kontinentů
Keys loaded for Rokokové_stavby_podle_zemí
Keys loaded for Sloupy_podle_zemí
Keys loaded for Doprava_podle_zemí
Keys loaded for Drážní_doprava_podle_zemí
Keys loaded for Administrativní_dělení_podle_zemí
Keys loaded for Umělci_podle_zemí
Keys loaded for Básníci_podle_zemí
Keys loaded for Lanové_dráhy_podle_zemí
Keys loaded for Letiště_podle_zemí
Keys loaded for Lední_hokej_podle_let
Keys loaded for Herečky_podle_zemí
Keys loaded for Politika_podle_zemí
Keys loaded for Letci_podle_zemí
Keys loaded for Hudebníci_podle_zemí
Keys loaded for Fotografové_podle_zemí
Keys loaded for Architektura_podle_zemí
Keys loaded for Filmové_herečky_podle_zemí
Keys loaded for Kina_podle_zemí
Keys loaded for Metro_podle_zemí
Keys loaded for Tisícovky_podle_kontinentů
Keys loaded for Literární_díla_podle_zemí
Keys loaded for Hudební_producenti_podle_zemí
Keys loaded for Fotbal_podle_let
Keys loaded for Vodstvo_podle_kontinentů
Keys loaded for Moře_podle_kontinentů
Keys loaded for Zálivy_podle_kontinentů
Keys loaded for Laguny_podle_kontinentů
Keys loaded for Futsal_podle_let
Keys loaded for Přehradní_nádrže_podle_kontinentů
Keys loaded for Letadla_podle_zemí
Keys loaded for Vodstvo_podle_zemí
Keys loaded for Fotbaloví_reprezentanti_podle_zemí
Keys loaded for Železniční_doprava_podle_zemí
Keys loaded for Řeky_podle_kontinentů
Keys loaded for Řeky_podle_zemí
Keys loaded for Jezera_podle_kontinentů
Keys loaded for Herci_podle_zemí
Keys loaded for Náhorní_plošiny_podle_kontinentů
Keys loaded for Televizní_herci_podle_zemí
Keys loaded for Železniční_vozidla_podle_zemí
Keys loaded for Jeskyně_podle_kontinentů
Keys loaded for Filmoví_herci_podle_zemí
Keys loaded for Poloostrovy_podle_kontinentů
Keys loaded for Pouště_podle_kontinentů
Keys loaded for Zpěváci_podle_zemí
Keys loaded for Sopky_podle_kontinentů
Keys loaded for Flóra_podle_zemí
Keys loaded for Souostroví_podle_kontinentů
Keys loaded for Průmysl_podle_zemí
Keys loaded for Prameny_podle_zemí
Keys loaded for Gejzíry_podle_zemí
Keys loaded for Romány_podle_zemí
Keys loaded for Operní_pěvci_podle_zemí
Keys loaded for Pohoří_podle_kontinentů
Keys loaded for Sportovci_podle_zemí
Keys loaded for Právo_podle_zemí
Keys loaded for Zákony_podle_zemí
Keys loaded for Zpěvačky_podle_zemí
Keys loaded for Operní_pěvkyně_podle_zemí
Keys loaded for Geografie_podle_zemí
Keys loaded for Propasti_podle_zemí
Keys loaded for Vyhlídky_podle_zemí
Keys loaded for Rozhledny_podle_zemí
Keys loaded for Hvězdárny_podle_zemí
Keys loaded for Ostrovy_podle_zemí
Keys loaded for Říční_ostrovy_podle_zemí
All keys loaded, count: 1114

Questions created for views limit: 128
Questions collected to: output/questions_128
Total questions count: 3455
Unique questions count: 374

Questions created for views limit: 256
Questions collected to: output/questions_256
Total questions count: 1694
Unique questions count: 263

Questions created for views limit: 512
Questions collected to: output/questions_512
Total questions count: 825
Unique questions count: 181

Questions created for views limit: 1024
Questions collected to: output/questions_1024
Total questions count: 314
Unique questions count: 105

Questions created for views limit: 2048
Questions collected to: output/questions_2048
Total questions count: 106
Unique questions count: 52

Duration: 3976s
[[1;34mINFO[m] [1m------------------------------------------------------------------------[m
[[1;34mINFO[m] [1;32mBUILD SUCCESS[m
[[1;34mINFO[m] [1m------------------------------------------------------------------------[m
[[1;34mINFO[m] Total time:  01:06 h
[[1;34mINFO[m] Finished at: 2024-05-03T19:07:19+02:00
[[1;34mINFO[m] [1m------------------------------------------------------------------------[m
